\BOOKMARK [0][-]{Doc-Start}{Acknowledgments}{}% 1
\BOOKMARK [0][-]{section*.4}{Acronyms}{}% 2
\BOOKMARK [0][-]{chapter.1}{Introduction}{}% 3
\BOOKMARK [1][-]{section.1.1}{Background}{chapter.1}% 4
\BOOKMARK [1][-]{section.1.2}{Purpose}{chapter.1}% 5
\BOOKMARK [1][-]{section.1.3}{Scope \046 Delimitations}{chapter.1}% 6
\BOOKMARK [1][-]{section.1.4}{Methodology}{chapter.1}% 7
\BOOKMARK [1][-]{section.1.5}{Ethics}{chapter.1}% 8
\BOOKMARK [1][-]{section.1.6}{Disposition}{chapter.1}% 9
\BOOKMARK [0][-]{chapter.2}{Theoretical Framework}{}% 10
\BOOKMARK [1][-]{section.2.1}{Convexity}{chapter.2}% 11
\BOOKMARK [1][-]{section.2.2}{Regarding Robotic Arms}{chapter.2}% 12
\BOOKMARK [2][-]{subsection.2.2.1}{Configuration Space}{section.2.2}% 13
\BOOKMARK [1][-]{section.2.3}{Algorithms That Plan}{chapter.2}% 14
\BOOKMARK [2][-]{subsection.2.3.1}{A*}{section.2.3}% 15
\BOOKMARK [2][-]{subsection.2.3.2}{Artificial Potential Fields}{section.2.3}% 16
\BOOKMARK [2][-]{subsection.2.3.3}{Model Predictive Control}{section.2.3}% 17
\BOOKMARK [2][-]{subsection.2.3.4}{Rapidly-exploring Random Trees}{section.2.3}% 18
\BOOKMARK [1][-]{section.2.4}{Collision Detection}{chapter.2}% 19
\BOOKMARK [2][-]{subsection.2.4.1}{Bounding Box Methods}{section.2.4}% 20
\BOOKMARK [2][-]{subsection.2.4.2}{Gilbert-Jonhson-Keerthi Distance Algorithm}{section.2.4}% 21
\BOOKMARK [2][-]{subsection.2.4.3}{Superquadrics}{section.2.4}% 22
\BOOKMARK [0][-]{chapter.3}{Implementation}{}% 23
\BOOKMARK [1][-]{section.3.1}{Superquadrics}{chapter.3}% 24
\BOOKMARK [2][-]{subsection.3.1.1}{Intersection Checking}{section.3.1}% 25
\BOOKMARK [2][-]{subsection.3.1.2}{The Problem of Uniform Angle Sampling}{section.3.1}% 26
\BOOKMARK [1][-]{section.3.2}{GJK}{chapter.3}% 27
\BOOKMARK [2][-]{subsection.3.2.1}{Support Mapping Function}{section.3.2}% 28
\BOOKMARK [2][-]{subsection.3.2.2}{Termination Conditions}{section.3.2}% 29
\BOOKMARK [1][-]{section.3.3}{RRT}{chapter.3}% 30
\BOOKMARK [1][-]{section.3.4}{Simulation Design and Measurements}{chapter.3}% 31
\BOOKMARK [0][-]{chapter.4}{Results}{}% 32
\BOOKMARK [1][-]{section.4.1}{Comparing Collision Detection Methods}{chapter.4}% 33
\BOOKMARK [2][-]{subsection.4.1.1}{Collision Detection: True Negatives}{section.4.1}% 34
\BOOKMARK [2][-]{subsection.4.1.2}{Collision Detection: True Positives}{section.4.1}% 35
\BOOKMARK [2][-]{subsection.4.1.3}{Varying Number of Object Points}{section.4.1}% 36
\BOOKMARK [2][-]{subsection.4.1.4}{Large Number of Objects}{section.4.1}% 37
\BOOKMARK [1][-]{section.4.2}{RRT 6 Degrees of Freedom}{chapter.4}% 38
\BOOKMARK [0][-]{chapter.5}{Discussion}{}% 39
\BOOKMARK [1][-]{section.5.1}{Research Questions}{chapter.5}% 40
\BOOKMARK [2][-]{subsection.5.1.1}{Handling Arbitrary Shapes}{section.5.1}% 41
\BOOKMARK [2][-]{subsection.5.1.2}{Modeling a 6 DoF Arm}{section.5.1}% 42
\BOOKMARK [2][-]{subsection.5.1.3}{Qualitative Analysis of A*}{section.5.1}% 43
\BOOKMARK [2][-]{subsection.5.1.4}{Evaluation of the Computational Memory Management}{section.5.1}% 44
\BOOKMARK [2][-]{subsection.5.1.5}{Evaluation of the Computational Processing Time}{section.5.1}% 45
\BOOKMARK [1][-]{section.5.2}{Future Work}{chapter.5}% 46
\BOOKMARK [2][-]{subsection.5.2.1}{Regarding the Implementation}{section.5.2}% 47
\BOOKMARK [2][-]{subsection.5.2.2}{Use in Visual Servoing}{section.5.2}% 48
\BOOKMARK [1][-]{section.5.3}{Conclusion}{chapter.5}% 49
