This is pdfTeX, Version 3.14159265-2.6-1.40.19 (TeX Live 2018/W32TeX) (preloaded format=pdflatex 2019.2.4)  12 JUN 2019 02:26
entering extended mode
 restricted \write18 enabled.
 %&-line parsing enabled.
**main.tex
(./main.tex
LaTeX2e <2018-12-01>
(./kththesis.cls
Document Class: kththesis 
(c:/texlive/2018/texmf-dist/tex/latex/base/report.cls
Document Class: report 2018/09/03 v1.4i Standard LaTeX document class
(c:/texlive/2018/texmf-dist/tex/latex/base/size12.clo
File: size12.clo 2018/09/03 v1.4i Standard LaTeX file (size option)
)
\c@part=\count80
\c@chapter=\count81
\c@section=\count82
\c@subsection=\count83
\c@subsubsection=\count84
\c@paragraph=\count85
\c@subparagraph=\count86
\c@figure=\count87
\c@table=\count88
\abovecaptionskip=\skip41
\belowcaptionskip=\skip42
\bibindent=\dimen102
)
(c:/texlive/2018/texmf-dist/tex/generic/ifxetex/ifxetex.sty
Package: ifxetex 2010/09/12 v0.6 Provides ifxetex conditional
)
(c:/texlive/2018/texmf-dist/tex/generic/oberdiek/ifluatex.sty
Package: ifluatex 2016/05/16 v1.4 Provides the ifluatex switch (HO)
Package ifluatex Info: LuaTeX not detected.
)
(c:/texlive/2018/texmf-dist/tex/latex/base/inputenc.sty
Package: inputenc 2018/08/11 v1.3c Input encoding file
\inpenc@prehook=\toks14
\inpenc@posthook=\toks15
)
(c:/texlive/2018/texmf-dist/tex/generic/babel/babel.sty
Package: babel 2018/11/13 3.27 The Babel package

(c:/texlive/2018/texmf-dist/tex/generic/babel/switch.def
File: switch.def 2018/11/13 3.27 Babel switching mechanism
)
(c:/texlive/2018/texmf-dist/tex/generic/babel-swedish/swedish.ldf
Language: swedish 2005/03/31 v2.3d Swedish support from the babel system

(c:/texlive/2018/texmf-dist/tex/generic/babel/babel.def
File: babel.def 2018/11/13 3.27 Babel common definitions
\babel@savecnt=\count89
\U@D=\dimen103

(c:/texlive/2018/texmf-dist/tex/generic/babel/txtbabel.def)
\bbl@dirlevel=\count90
)
Package babel Info: Making " an active character on input line 90.
)
(c:/texlive/2018/texmf-dist/tex/generic/babel-english/english.ldf
Language: english 2017/06/06 v3.3r English support from the babel system
\l@canadian = a dialect from \language\l@american 
\l@australian = a dialect from \language\l@british 
\l@newzealand = a dialect from \language\l@british 
))
(c:/texlive/2018/texmf-dist/tex/latex/geometry/geometry.sty
Package: geometry 2018/04/16 v5.8 Page Geometry

(c:/texlive/2018/texmf-dist/tex/latex/graphics/keyval.sty
Package: keyval 2014/10/28 v1.15 key=value parser (DPC)
\KV@toks@=\toks16
)
(c:/texlive/2018/texmf-dist/tex/generic/oberdiek/ifpdf.sty
Package: ifpdf 2018/09/07 v3.3 Provides the ifpdf switch
)
(c:/texlive/2018/texmf-dist/tex/generic/oberdiek/ifvtex.sty
Package: ifvtex 2016/05/16 v1.6 Detect VTeX and its facilities (HO)
Package ifvtex Info: VTeX not detected.
)
\Gm@cnth=\count91
\Gm@cntv=\count92
\c@Gm@tempcnt=\count93
\Gm@bindingoffset=\dimen104
\Gm@wd@mp=\dimen105
\Gm@odd@mp=\dimen106
\Gm@even@mp=\dimen107
\Gm@layoutwidth=\dimen108
\Gm@layoutheight=\dimen109
\Gm@layouthoffset=\dimen110
\Gm@layoutvoffset=\dimen111
\Gm@dimlist=\toks17
)
(c:/texlive/2018/texmf-dist/tex/latex/fancyhdr/fancyhdr.sty
Package: fancyhdr 2019/01/31 v3.10 Extensive control of page headers and footer
s
\f@nch@headwidth=\skip43
\f@nch@O@elh=\skip44
\f@nch@O@erh=\skip45
\f@nch@O@olh=\skip46
\f@nch@O@orh=\skip47
\f@nch@O@elf=\skip48
\f@nch@O@erf=\skip49
\f@nch@O@olf=\skip50
\f@nch@O@orf=\skip51
)
(c:/texlive/2018/texmf-dist/tex/latex/emptypage/emptypage.sty
Package: emptypage 2010/05/30 v1.2 Suppress page numbers and headings on empty 
pages
)
(c:/texlive/2018/texmf-dist/tex/latex/titlesec/titlesec.sty
Package: titlesec 2016/03/21 v2.10.2 Sectioning titles
\ttl@box=\box27
\beforetitleunit=\skip52
\aftertitleunit=\skip53
\ttl@plus=\dimen112
\ttl@minus=\dimen113
\ttl@toksa=\toks18
\titlewidth=\dimen114
\titlewidthlast=\dimen115
\titlewidthfirst=\dimen116
)
(c:/texlive/2018/texmf-dist/tex/latex/base/fontenc.sty
Package: fontenc 2018/08/11 v2.0j Standard LaTeX package

(c:/texlive/2018/texmf-dist/tex/latex/base/t1enc.def
File: t1enc.def 2018/08/11 v2.0j Standard LaTeX file
LaTeX Font Info:    Redeclaring font encoding T1 on input line 48.
))
(c:/texlive/2018/texmf-dist/tex/latex/psnfss/palatino.sty
Package: palatino 2005/04/12 PSNFSS-v9.2a (SPQR) 
))
(./preamble/packages.tex
(c:/texlive/2018/texmf-dist/tex/latex/microtype/microtype.sty
Package: microtype 2018/01/14 v2.7a Micro-typographical refinements (RS)
\MT@toks=\toks19
\MT@count=\count94
LaTeX Info: Redefining \textls on input line 793.
\MT@outer@kern=\dimen117
LaTeX Info: Redefining \textmicrotypecontext on input line 1339.
\MT@listname@count=\count95

(c:/texlive/2018/texmf-dist/tex/latex/microtype/microtype-pdftex.def
File: microtype-pdftex.def 2018/01/14 v2.7a Definitions specific to pdftex (RS)

LaTeX Info: Redefining \lsstyle on input line 913.
LaTeX Info: Redefining \lslig on input line 913.
\MT@outer@space=\skip54
)
Package microtype Info: Loading configuration file microtype.cfg.

(c:/texlive/2018/texmf-dist/tex/latex/microtype/microtype.cfg
File: microtype.cfg 2018/01/14 v2.7a microtype main configuration file (RS)
))
(c:/texlive/2018/texmf-dist/tex/latex/csquotes/csquotes.sty
Package: csquotes 2018/04/13 v5.2d context-sensitive quotations (JAW)

(c:/texlive/2018/texmf-dist/tex/latex/etoolbox/etoolbox.sty
Package: etoolbox 2018/08/19 v2.5f e-TeX tools for LaTeX (JAW)
\etb@tempcnta=\count96
)
\csq@reset=\count97
\csq@gtype=\count98
\csq@glevel=\count99
\csq@qlevel=\count100
\csq@maxlvl=\count101
\csq@tshold=\count102
\csq@ltx@everypar=\toks20

(c:/texlive/2018/texmf-dist/tex/latex/csquotes/csquotes.def
File: csquotes.def 2018/04/13 v5.2d csquotes generic definitions (JAW)
)
Package csquotes Info: Trying to load configuration file 'csquotes.cfg'...
Package csquotes Info: ... configuration file loaded successfully.

(c:/texlive/2018/texmf-dist/tex/latex/csquotes/csquotes.cfg
File: csquotes.cfg 
))
(c:/texlive/2018/texmf-dist/tex/latex/pdfpages/pdfpages.sty
Package: pdfpages 2017/10/31 v0.5l Insert pages of external PDF documents (AM)

(c:/texlive/2018/texmf-dist/tex/latex/base/ifthen.sty
Package: ifthen 2014/09/29 v1.1c Standard LaTeX ifthen package (DPC)
)
(c:/texlive/2018/texmf-dist/tex/latex/tools/calc.sty
Package: calc 2017/05/25 v4.3 Infix arithmetic (KKT,FJ)
\calc@Acount=\count103
\calc@Bcount=\count104
\calc@Adimen=\dimen118
\calc@Bdimen=\dimen119
\calc@Askip=\skip55
\calc@Bskip=\skip56
LaTeX Info: Redefining \setlength on input line 80.
LaTeX Info: Redefining \addtolength on input line 81.
\calc@Ccount=\count105
\calc@Cskip=\skip57
)
(c:/texlive/2018/texmf-dist/tex/latex/eso-pic/eso-pic.sty
Package: eso-pic 2018/04/12 v2.0h eso-pic (RN)

(c:/texlive/2018/texmf-dist/tex/generic/oberdiek/atbegshi.sty
Package: atbegshi 2016/06/09 v1.18 At begin shipout hook (HO)

(c:/texlive/2018/texmf-dist/tex/generic/oberdiek/infwarerr.sty
Package: infwarerr 2016/05/16 v1.4 Providing info/warning/error messages (HO)
)
(c:/texlive/2018/texmf-dist/tex/generic/oberdiek/ltxcmds.sty
Package: ltxcmds 2016/05/16 v1.23 LaTeX kernel commands for general use (HO)
))
(c:/texlive/2018/texmf-dist/tex/latex/xcolor/xcolor.sty
Package: xcolor 2016/05/11 v2.12 LaTeX color extensions (UK)

(c:/texlive/2018/texmf-dist/tex/latex/graphics-cfg/color.cfg
File: color.cfg 2016/01/02 v1.6 sample color configuration
)
Package xcolor Info: Driver file: pdftex.def on input line 225.

(c:/texlive/2018/texmf-dist/tex/latex/graphics-def/pdftex.def
File: pdftex.def 2018/01/08 v1.0l Graphics/color driver for pdftex
)
Package xcolor Info: Model `cmy' substituted by `cmy0' on input line 1348.
Package xcolor Info: Model `hsb' substituted by `rgb' on input line 1352.
Package xcolor Info: Model `RGB' extended on input line 1364.
Package xcolor Info: Model `HTML' substituted by `rgb' on input line 1366.
Package xcolor Info: Model `Hsb' substituted by `hsb' on input line 1367.
Package xcolor Info: Model `tHsb' substituted by `hsb' on input line 1368.
Package xcolor Info: Model `HSB' substituted by `hsb' on input line 1369.
Package xcolor Info: Model `Gray' substituted by `gray' on input line 1370.
Package xcolor Info: Model `wave' substituted by `hsb' on input line 1371.
))
(c:/texlive/2018/texmf-dist/tex/latex/graphics/graphicx.sty
Package: graphicx 2017/06/01 v1.1a Enhanced LaTeX Graphics (DPC,SPQR)

(c:/texlive/2018/texmf-dist/tex/latex/graphics/graphics.sty
Package: graphics 2017/06/25 v1.2c Standard LaTeX Graphics (DPC,SPQR)

(c:/texlive/2018/texmf-dist/tex/latex/graphics/trig.sty
Package: trig 2016/01/03 v1.10 sin cos tan (DPC)
)
(c:/texlive/2018/texmf-dist/tex/latex/graphics-cfg/graphics.cfg
File: graphics.cfg 2016/06/04 v1.11 sample graphics configuration
)
Package graphics Info: Driver file: pdftex.def on input line 99.
)
\Gin@req@height=\dimen120
\Gin@req@width=\dimen121
)
\AM@pagewidth=\dimen122
\AM@pageheight=\dimen123

(c:/texlive/2018/texmf-dist/tex/latex/pdfpages/pppdftex.def
File: pppdftex.def 2017/10/31 v0.5l Pdfpages driver for pdfTeX (AM)
)
\AM@pagebox=\box28
\AM@global@opts=\toks21
\AM@toc@title=\toks22
\c@AM@survey=\count106
\AM@templatesizebox=\box29
)
(c:/texlive/2018/texmf-dist/tex/latex/parskip/parskip.sty
Package: parskip 2019-01-16 v2.0c non-zero parskip adjustments

(c:/texlive/2018/texmf-dist/tex/latex/oberdiek/kvoptions.sty
Package: kvoptions 2016/05/16 v3.12 Key value format for package options (HO)

(c:/texlive/2018/texmf-dist/tex/generic/oberdiek/kvsetkeys.sty
Package: kvsetkeys 2016/05/16 v1.17 Key value parser (HO)

(c:/texlive/2018/texmf-dist/tex/generic/oberdiek/etexcmds.sty
Package: etexcmds 2016/05/16 v1.6 Avoid name clashes with e-TeX commands (HO)
Package etexcmds Info: Could not find \expanded.
(etexcmds)             That can mean that you are not using pdfTeX 1.50 or
(etexcmds)             that some package has redefined \expanded.
(etexcmds)             In the latter case, load this package earlier.
))))
(c:/texlive/2018/texmf-dist/tex/latex/hyperref/hyperref.sty
Package: hyperref 2018/11/30 v6.88e Hypertext links for LaTeX

(c:/texlive/2018/texmf-dist/tex/generic/oberdiek/hobsub-hyperref.sty
Package: hobsub-hyperref 2016/05/16 v1.14 Bundle oberdiek, subset hyperref (HO)


(c:/texlive/2018/texmf-dist/tex/generic/oberdiek/hobsub-generic.sty
Package: hobsub-generic 2016/05/16 v1.14 Bundle oberdiek, subset generic (HO)
Package: hobsub 2016/05/16 v1.14 Construct package bundles (HO)
Package hobsub Info: Skipping package `infwarerr' (already loaded).
Package hobsub Info: Skipping package `ltxcmds' (already loaded).
Package hobsub Info: Skipping package `ifluatex' (already loaded).
Package hobsub Info: Skipping package `ifvtex' (already loaded).
Package: intcalc 2016/05/16 v1.2 Expandable calculations with integers (HO)
Package hobsub Info: Skipping package `ifpdf' (already loaded).
Package hobsub Info: Skipping package `etexcmds' (already loaded).
Package hobsub Info: Skipping package `kvsetkeys' (already loaded).
Package: kvdefinekeys 2016/05/16 v1.4 Define keys (HO)
Package: pdftexcmds 2018/09/10 v0.29 Utility functions of pdfTeX for LuaTeX (HO
)
Package pdftexcmds Info: LuaTeX not detected.
Package pdftexcmds Info: \pdf@primitive is available.
Package pdftexcmds Info: \pdf@ifprimitive is available.
Package pdftexcmds Info: \pdfdraftmode found.
Package: pdfescape 2016/05/16 v1.14 Implements pdfTeX's escape features (HO)
Package: bigintcalc 2016/05/16 v1.4 Expandable calculations on big integers (HO
)
Package: bitset 2016/05/16 v1.2 Handle bit-vector datatype (HO)
Package: uniquecounter 2016/05/16 v1.3 Provide unlimited unique counter (HO)
)
Package hobsub Info: Skipping package `hobsub' (already loaded).
Package: letltxmacro 2016/05/16 v1.5 Let assignment for LaTeX macros (HO)
Package: hopatch 2016/05/16 v1.3 Wrapper for package hooks (HO)
Package: xcolor-patch 2016/05/16 xcolor patch
Package: atveryend 2016/05/16 v1.9 Hooks at the very end of document (HO)
Package hobsub Info: Skipping package `atbegshi' (already loaded).
Package: refcount 2016/05/16 v3.5 Data extraction from label references (HO)
Package: hycolor 2016/05/16 v1.8 Color options for hyperref/bookmark (HO)
)
(c:/texlive/2018/texmf-dist/tex/latex/oberdiek/auxhook.sty
Package: auxhook 2016/05/16 v1.4 Hooks for auxiliary files (HO)
)
\@linkdim=\dimen124
\Hy@linkcounter=\count107
\Hy@pagecounter=\count108

(c:/texlive/2018/texmf-dist/tex/latex/hyperref/pd1enc.def
File: pd1enc.def 2018/11/30 v6.88e Hyperref: PDFDocEncoding definition (HO)
Now handling font encoding PD1 ...
... no UTF-8 mapping file for font encoding PD1
)
\Hy@SavedSpaceFactor=\count109

(c:/texlive/2018/texmf-dist/tex/latex/latexconfig/hyperref.cfg
File: hyperref.cfg 2002/06/06 v1.2 hyperref configuration of TeXLive
)
Package hyperref Info: Hyper figures OFF on input line 4519.
Package hyperref Info: Link nesting OFF on input line 4524.
Package hyperref Info: Hyper index ON on input line 4527.
Package hyperref Info: Plain pages OFF on input line 4534.
Package hyperref Info: Backreferencing OFF on input line 4539.
Package hyperref Info: Implicit mode ON; LaTeX internals redefined.
Package hyperref Info: Bookmarks ON on input line 4772.
\c@Hy@tempcnt=\count110

(c:/texlive/2018/texmf-dist/tex/latex/url/url.sty
\Urlmuskip=\muskip10
Package: url 2013/09/16  ver 3.4  Verb mode for urls, etc.
)
LaTeX Info: Redefining \url on input line 5125.
\XeTeXLinkMargin=\dimen125
\Fld@menulength=\count111
\Field@Width=\dimen126
\Fld@charsize=\dimen127
Package hyperref Info: Hyper figures OFF on input line 6380.
Package hyperref Info: Link nesting OFF on input line 6385.
Package hyperref Info: Hyper index ON on input line 6388.
Package hyperref Info: backreferencing OFF on input line 6395.
Package hyperref Info: Link coloring OFF on input line 6400.
Package hyperref Info: Link coloring with OCG OFF on input line 6405.
Package hyperref Info: PDF/A mode OFF on input line 6410.
LaTeX Info: Redefining \ref on input line 6450.
LaTeX Info: Redefining \pageref on input line 6454.
\Hy@abspage=\count112
\c@Item=\count113
\c@Hfootnote=\count114
)
Package hyperref Info: Driver (autodetected): hpdftex.

(c:/texlive/2018/texmf-dist/tex/latex/hyperref/hpdftex.def
File: hpdftex.def 2018/11/30 v6.88e Hyperref driver for pdfTeX
\Fld@listcount=\count115
\c@bookmark@seq@number=\count116

(c:/texlive/2018/texmf-dist/tex/latex/oberdiek/rerunfilecheck.sty
Package: rerunfilecheck 2016/05/16 v1.8 Rerun checks for auxiliary files (HO)
Package uniquecounter Info: New unique counter `rerunfilecheck' on input line 2
82.
)
\Hy@SectionHShift=\skip58
)
(c:/texlive/2018/texmf-dist/tex/latex/import/import.sty
Package: import 2009/03/23  v 5.1
)
(c:/texlive/2018/texmf-dist/tex/latex/glossaries/base/glossaries.sty
Package: glossaries 2019/01/06 v4.42 (NLCT)

(c:/texlive/2018/texmf-dist/tex/latex/xkeyval/xkeyval.sty
Package: xkeyval 2014/12/03 v2.7a package option processing (HA)

(c:/texlive/2018/texmf-dist/tex/generic/xkeyval/xkeyval.tex
(c:/texlive/2018/texmf-dist/tex/generic/xkeyval/xkvutils.tex
\XKV@toks=\toks23
\XKV@tempa@toks=\toks24
)
\XKV@depth=\count117
File: xkeyval.tex 2014/12/03 v2.7a key=value parser (HA)
))
(c:/texlive/2018/texmf-dist/tex/latex/mfirstuc/mfirstuc.sty
Package: mfirstuc 2017/11/14 v2.06 (NLCT)
\@glsmfirst=\toks25
\@glsmrest=\toks26
)
(c:/texlive/2018/texmf-dist/tex/latex/textcase/textcase.sty
Package: textcase 2004/10/07 v0.07 Text only upper/lower case changing (DPC)
)
(c:/texlive/2018/texmf-dist/tex/latex/xfor/xfor.sty
Package: xfor 2009/02/05 v1.05 (NLCT)
)
(c:/texlive/2018/texmf-dist/tex/latex/datatool/datatool-base.sty
Package: datatool-base 2018/12/07 v2.31 (NLCT)

(c:/texlive/2018/texmf-dist/tex/latex/amsmath/amsmath.sty
Package: amsmath 2018/12/01 v2.17b AMS math features
\@mathmargin=\skip59

For additional information on amsmath, use the `?' option.
(c:/texlive/2018/texmf-dist/tex/latex/amsmath/amstext.sty
Package: amstext 2000/06/29 v2.01 AMS text

(c:/texlive/2018/texmf-dist/tex/latex/amsmath/amsgen.sty
File: amsgen.sty 1999/11/30 v2.0 generic functions
\@emptytoks=\toks27
\ex@=\dimen128
))
(c:/texlive/2018/texmf-dist/tex/latex/amsmath/amsbsy.sty
Package: amsbsy 1999/11/29 v1.2d Bold Symbols
\pmbraise@=\dimen129
)
(c:/texlive/2018/texmf-dist/tex/latex/amsmath/amsopn.sty
Package: amsopn 2016/03/08 v2.02 operator names
)
\inf@bad=\count118
LaTeX Info: Redefining \frac on input line 223.
\uproot@=\count119
\leftroot@=\count120
LaTeX Info: Redefining \overline on input line 385.
\classnum@=\count121
\DOTSCASE@=\count122
LaTeX Info: Redefining \ldots on input line 482.
LaTeX Info: Redefining \dots on input line 485.
LaTeX Info: Redefining \cdots on input line 606.
\Mathstrutbox@=\box30
\strutbox@=\box31
\big@size=\dimen130
LaTeX Font Info:    Redeclaring font encoding OML on input line 729.
LaTeX Font Info:    Redeclaring font encoding OMS on input line 730.
\macc@depth=\count123
\c@MaxMatrixCols=\count124
\dotsspace@=\muskip11
\c@parentequation=\count125
\dspbrk@lvl=\count126
\tag@help=\toks28
\row@=\count127
\column@=\count128
\maxfields@=\count129
\andhelp@=\toks29
\eqnshift@=\dimen131
\alignsep@=\dimen132
\tagshift@=\dimen133
\tagwidth@=\dimen134
\totwidth@=\dimen135
\lineht@=\dimen136
\@envbody=\toks30
\multlinegap=\skip60
\multlinetaggap=\skip61
\mathdisplay@stack=\toks31
LaTeX Info: Redefining \[ on input line 2844.
LaTeX Info: Redefining \] on input line 2845.
)
(c:/texlive/2018/texmf-dist/tex/latex/substr/substr.sty
Package: substr 2009/10/20 v1.2 Handle substrings
\c@su@anzahl=\count130
)
(c:/texlive/2018/texmf-dist/tex/latex/datatool/datatool-fp.sty
Package: datatool-fp 2018/12/07 v2.31 (NLCT)

(c:/texlive/2018/texmf-dist/tex/latex/fp/fp.sty
Package: fp 1995/04/02

`Fixed Point Package', Version 0.8, April 2, 1995 (C) Michael Mehlich
(c:/texlive/2018/texmf-dist/tex/latex/fp/defpattern.sty
Package: defpattern 1994/10/12
\actioncount=\count131
)
(c:/texlive/2018/texmf-dist/tex/latex/fp/fp-basic.sty
Package: fp-basic 1996/05/13
\FP@xs=\count132
\FP@xia=\count133
\FP@xib=\count134
\FP@xfa=\count135
\FP@xfb=\count136
\FP@rega=\count137
\FP@regb=\count138
\FP@regs=\count139
\FP@times=\count140
)
(c:/texlive/2018/texmf-dist/tex/latex/fp/fp-addons.sty
Package: fp-addons 1995/03/15
)
(c:/texlive/2018/texmf-dist/tex/latex/fp/fp-snap.sty
Package: fp-snap 1995/04/05
)
(c:/texlive/2018/texmf-dist/tex/latex/fp/fp-exp.sty
Package: fp-exp 1995/04/03
)
(c:/texlive/2018/texmf-dist/tex/latex/fp/fp-trigo.sty
Package: fp-trigo 1995/04/14
)
(c:/texlive/2018/texmf-dist/tex/latex/fp/fp-pas.sty
Package: fp-pas 1994/08/29
)
(c:/texlive/2018/texmf-dist/tex/latex/fp/fp-random.sty
Package: fp-random 1995/02/23
\FPseed=\count141
)
(c:/texlive/2018/texmf-dist/tex/latex/fp/fp-eqn.sty
Package: fp-eqn 1995/04/03
)
(c:/texlive/2018/texmf-dist/tex/latex/fp/fp-upn.sty
Package: fp-upn 1996/10/21
)
(c:/texlive/2018/texmf-dist/tex/latex/fp/fp-eval.sty
Package: fp-eval 1995/04/03
)))
\@dtl@toks=\toks32
\@dtl@tmpcount=\count142
\dtl@tmplength=\skip62
\dtl@sortresult=\count143
\@dtl@numgrpsepcount=\count144
\@dtl@datatype=\count145
\dtl@codeA=\count146
\dtl@codeB=\count147
\@dtl@foreach@level=\count148
)
(c:/texlive/2018/texmf-dist/tex/latex/glossaries/base/glossaries-compatible-307
.sty
Package: glossaries-compatible-307 2019/01/06 v4.42 (NLCT)
) (c:/texlive/2018/texmf-dist/tex/latex/tracklang/tracklang.sty
Package: tracklang 2018/05/13 v1.3.6 (NLCT) Track Languages

(c:/texlive/2018/texmf-dist/tex/generic/tracklang/tracklang.tex))
(c:/texlive/2018/texmf-dist/tex/latex/translator/translator.sty
Package: translator 2018/01/04 v1.12 Easy translation of strings in LaTeX
)
(c:/texlive/2018/texmf-dist/tex/latex/glossaries-english/glossaries-english.ldf
File: glossaries-english.ldf 2014/11/23 v1.0
)

Package glossaries Warning: No language module detected for `swedish'.
(glossaries)                Language modules need to be installed separately.
(glossaries)                Please check on CTAN for a bundle called
(glossaries)                `glossaries-swedish' or similar.

\gls@level=\count149
\@gls@tmpb=\toks33
\gls@tmplen=\skip63
\glskeylisttok=\toks34
\glslabeltok=\toks35
\glsshorttok=\toks36
\glslongtok=\toks37
(c:/texlive/2018/texmf-dist/tex/latex/glossaries/styles/glossary-hypernav.sty
Package: glossary-hypernav 2019/01/06 v4.42 (NLCT)
)
(c:/texlive/2018/texmf-dist/tex/latex/glossaries/styles/glossary-list.sty
Package: glossary-list 2019/01/06 v4.42 (NLCT)
\glslistdottedwidth=\skip64
)
(c:/texlive/2018/texmf-dist/tex/latex/glossaries/styles/glossary-long.sty
Package: glossary-long 2019/01/06 v4.42 (NLCT)

(c:/texlive/2018/texmf-dist/tex/latex/tools/longtable.sty
Package: longtable 2014/10/28 v4.11 Multi-page Table package (DPC)+ FMi change
\LTleft=\skip65
\LTright=\skip66
\LTpre=\skip67
\LTpost=\skip68
\LTchunksize=\count150
\LTcapwidth=\dimen137
\LT@head=\box32
\LT@firsthead=\box33
\LT@foot=\box34
\LT@lastfoot=\box35
\LT@cols=\count151
\LT@rows=\count152
\c@LT@tables=\count153
\c@LT@chunks=\count154
\LT@p@ftn=\toks38
)
\glsdescwidth=\skip69
\glspagelistwidth=\skip70
)
(c:/texlive/2018/texmf-dist/tex/latex/glossaries/styles/glossary-super.sty
Package: glossary-super 2019/01/06 v4.42 (NLCT)

(c:/texlive/2018/texmf-dist/tex/latex/supertabular/supertabular.sty
Package: supertabular 2004/02/20 v4.1e the supertabular environment
\c@tracingst=\count155
\ST@wd=\dimen138
\ST@rightskip=\skip71
\ST@leftskip=\skip72
\ST@parfillskip=\skip73
\ST@pageleft=\dimen139
\ST@headht=\dimen140
\ST@tailht=\dimen141
\ST@pagesofar=\dimen142
\ST@pboxht=\dimen143
\ST@lineht=\dimen144
\ST@stretchht=\dimen145
\ST@prevht=\dimen146
\ST@toadd=\dimen147
\ST@dimen=\dimen148
\ST@pbox=\box36
))
(c:/texlive/2018/texmf-dist/tex/latex/glossaries/styles/glossary-tree.sty
Package: glossary-tree 2019/01/06 v4.42 (NLCT)
\glstreeindent=\skip74
))
(c:/texlive/2018/texmf-dist/tex/latex/acronym/acronym.sty
Package: acronym 2015/03/21 v1.41 Support for acronyms (Tobias Oetiker)

(c:/texlive/2018/texmf-dist/tex/latex/bigfoot/suffix.sty
Package: suffix 2006/07/15 1.5a Variant command support
)
(c:/texlive/2018/texmf-dist/tex/generic/xstring/xstring.sty
(c:/texlive/2018/texmf-dist/tex/generic/xstring/xstring.tex
\integerpart=\count156
\decimalpart=\count157
)
Package: xstring 2019/02/01 v1.82 String manipulations (CT)
)
\AC@clearlist=\toks39
)
(c:/texlive/2018/texmf-dist/tex/latex/glossaries/styles/glossary-mcols.sty
Package: glossary-mcols 2019/01/06 v4.42 (NLCT)

(c:/texlive/2018/texmf-dist/tex/latex/tools/multicol.sty
Package: multicol 2018/12/27 v1.8v multicolumn formatting (FMi)
\c@tracingmulticols=\count158
\mult@box=\box37
\multicol@leftmargin=\dimen149
\c@unbalance=\count159
\c@collectmore=\count160
\doublecol@number=\count161
\multicoltolerance=\count162
\multicolpretolerance=\count163
\full@width=\dimen150
\page@free=\dimen151
\premulticols=\dimen152
\postmulticols=\dimen153
\multicolsep=\skip75
\multicolbaselineskip=\skip76
\partial@page=\box38
\last@line=\box39
\maxbalancingoverflow=\dimen154
\mult@rightbox=\box40
\mult@grightbox=\box41
\mult@gfirstbox=\box42
\mult@firstbox=\box43
\@tempa=\box44
\@tempa=\box45
\@tempa=\box46
\@tempa=\box47
\@tempa=\box48
\@tempa=\box49
\@tempa=\box50
\@tempa=\box51
\@tempa=\box52
\@tempa=\box53
\@tempa=\box54
\@tempa=\box55
\@tempa=\box56
\@tempa=\box57
\@tempa=\box58
\@tempa=\box59
\@tempa=\box60
\c@columnbadness=\count164
\c@finalcolumnbadness=\count165
\last@try=\dimen155
\multicolovershoot=\dimen156
\multicolundershoot=\dimen157
\mult@nat@firstbox=\box61
\colbreak@box=\box62
\mc@col@check@num=\count166
))
(c:/texlive/2018/texmf-dist/tex/latex/nomencl/nomencl.sty
Package: nomencl 2018/12/29 v5.0 Nomenclature package
\nomlabelwidth=\dimen158
\nom@tempdim=\dimen159
\nomitemsep=\skip77
)
\@nomenclaturefile=\write3
\openout3 = `main.nlo'.

Package nomencl Info: Writing nomenclature file main.nlo on input line 35.

(c:/texlive/2018/texmf-dist/tex/latex/tools/tabularx.sty
Package: tabularx 2016/02/03 v2.11b `tabularx' package (DPC)

(c:/texlive/2018/texmf-dist/tex/latex/tools/array.sty
Package: array 2018/12/30 v2.4k Tabular extension package (FMi)
\col@sep=\dimen160
\ar@mcellbox=\box63
\extrarowheight=\dimen161
\NC@list=\toks40
\extratabsurround=\skip78
\backup@length=\skip79
\ar@cellbox=\box64
)
\TX@col@width=\dimen162
\TX@old@table=\dimen163
\TX@old@col=\dimen164
\TX@target=\dimen165
\TX@delta=\dimen166
\TX@cols=\count167
\TX@ftn=\toks41
)
(c:/texlive/2018/texmf-dist/tex/latex/adjustbox/adjustbox.sty
Package: adjustbox 2019/01/04 v1.2 Adjusting TeX boxes (trim, clip, ...)

(c:/texlive/2018/texmf-dist/tex/latex/adjustbox/adjcalc.sty
Package: adjcalc 2012/05/16 v1.1 Provides advanced setlength with multiple back
-ends (calc, etex, pgfmath)
)
(c:/texlive/2018/texmf-dist/tex/latex/adjustbox/trimclip.sty
Package: trimclip 2018/04/08 v1.1 Trim and clip general TeX material

(c:/texlive/2018/texmf-dist/tex/latex/collectbox/collectbox.sty
Package: collectbox 2012/05/17 v0.4b Collect macro arguments as boxes
\collectedbox=\box65
)
\tc@llx=\dimen167
\tc@lly=\dimen168
\tc@urx=\dimen169
\tc@ury=\dimen170
Package trimclip Info: Using driver 'tc-pdftex.def'.

(c:/texlive/2018/texmf-dist/tex/latex/adjustbox/tc-pdftex.def
File: tc-pdftex.def 2019/01/04 v2.2 Clipping driver for pdftex
))
\adjbox@Width=\dimen171
\adjbox@Height=\dimen172
\adjbox@Depth=\dimen173
\adjbox@Totalheight=\dimen174
\adjbox@pwidth=\dimen175
\adjbox@pheight=\dimen176
\adjbox@pdepth=\dimen177
\adjbox@ptotalheight=\dimen178

(c:/texlive/2018/texmf-dist/tex/latex/ifoddpage/ifoddpage.sty
Package: ifoddpage 2016/04/23 v1.1 Conditionals for odd/even page detection
\c@checkoddpage=\count168
)
(c:/texlive/2018/texmf-dist/tex/latex/varwidth/varwidth.sty
Package: varwidth 2009/03/30 ver 0.92;  Variable-width minipages
\@vwid@box=\box66
\sift@deathcycles=\count169
\@vwid@loff=\dimen179
\@vwid@roff=\dimen180
))
(c:/texlive/2018/texmf-dist/tex/latex/caption/subcaption.sty
Package: subcaption 2018/05/01 v1.1-162 Sub-captions (AR)

(c:/texlive/2018/texmf-dist/tex/latex/caption/caption.sty
Package: caption 2018/10/06 v3.3-154 Customizing captions (AR)

(c:/texlive/2018/texmf-dist/tex/latex/caption/caption3.sty
Package: caption3 2018/09/12 v1.8c caption3 kernel (AR)
Package caption3 Info: TeX engine: e-TeX on input line 64.
\captionmargin=\dimen181
\captionmargin@=\dimen182
\captionwidth=\dimen183
\caption@tempdima=\dimen184
\caption@indent=\dimen185
\caption@parindent=\dimen186
\caption@hangindent=\dimen187
)
\c@caption@flags=\count170
\c@ContinuedFloat=\count171
Package caption Info: hyperref package is loaded.
Package caption Info: longtable package is loaded.

(c:/texlive/2018/texmf-dist/tex/latex/caption/ltcaption.sty
Package: ltcaption 2018/08/26 v1.4-95 longtable captions (AR)
)
Package caption Info: supertabular package is loaded.
)
\c@subfigure=\count172
\c@subtable=\count173
)
(c:/texlive/2018/texmf-dist/tex/latex/pgfplots/pgfplots.sty
(c:/texlive/2018/texmf-dist/tex/generic/pgfplots/pgfplots.revision.tex)
Package: pgfplots 2018/03/28 v1.16 Data Visualization (1.16)

(c:/texlive/2018/texmf-dist/tex/latex/pgf/frontendlayer/tikz.sty
(c:/texlive/2018/texmf-dist/tex/latex/pgf/basiclayer/pgf.sty
(c:/texlive/2018/texmf-dist/tex/latex/pgf/utilities/pgfrcs.sty
(c:/texlive/2018/texmf-dist/tex/generic/pgf/utilities/pgfutil-common.tex
\pgfutil@everybye=\toks42
\pgfutil@tempdima=\dimen188
\pgfutil@tempdimb=\dimen189

(c:/texlive/2018/texmf-dist/tex/generic/pgf/utilities/pgfutil-common-lists.tex)
) (c:/texlive/2018/texmf-dist/tex/generic/pgf/utilities/pgfutil-latex.def
\pgfutil@abb=\box67

(c:/texlive/2018/texmf-dist/tex/latex/ms/everyshi.sty
Package: everyshi 2001/05/15 v3.00 EveryShipout Package (MS)
))
(c:/texlive/2018/texmf-dist/tex/generic/pgf/utilities/pgfrcs.code.tex
(c:/texlive/2018/texmf-dist/tex/generic/pgf/pgf.revision.tex)
Package: pgfrcs 2019/02/02 v3.1.1 (3.1.1)
))
Package: pgf 2019/02/02 v3.1.1 (3.1.1)

(c:/texlive/2018/texmf-dist/tex/latex/pgf/basiclayer/pgfcore.sty
(c:/texlive/2018/texmf-dist/tex/latex/pgf/systemlayer/pgfsys.sty
(c:/texlive/2018/texmf-dist/tex/generic/pgf/systemlayer/pgfsys.code.tex
Package: pgfsys 2019/02/02 v3.1.1 (3.1.1)

(c:/texlive/2018/texmf-dist/tex/generic/pgf/utilities/pgfkeys.code.tex
\pgfkeys@pathtoks=\toks43
\pgfkeys@temptoks=\toks44

(c:/texlive/2018/texmf-dist/tex/generic/pgf/utilities/pgfkeysfiltered.code.tex
\pgfkeys@tmptoks=\toks45
))
\pgf@x=\dimen190
\pgf@y=\dimen191
\pgf@xa=\dimen192
\pgf@ya=\dimen193
\pgf@xb=\dimen194
\pgf@yb=\dimen195
\pgf@xc=\dimen196
\pgf@yc=\dimen197
\w@pgf@writea=\write4
\r@pgf@reada=\read1
\c@pgf@counta=\count174
\c@pgf@countb=\count175
\c@pgf@countc=\count176
\c@pgf@countd=\count177
\t@pgf@toka=\toks46
\t@pgf@tokb=\toks47
\t@pgf@tokc=\toks48
\pgf@sys@id@count=\count178
 (c:/texlive/2018/texmf-dist/tex/generic/pgf/systemlayer/pgf.cfg
File: pgf.cfg 2019/02/02 v3.1.1 (3.1.1)
)
Driver file for pgf: pgfsys-pdftex.def

(c:/texlive/2018/texmf-dist/tex/generic/pgf/systemlayer/pgfsys-pdftex.def
File: pgfsys-pdftex.def 2019/02/02 v3.1.1 (3.1.1)

(c:/texlive/2018/texmf-dist/tex/generic/pgf/systemlayer/pgfsys-common-pdf.def
File: pgfsys-common-pdf.def 2019/02/02 v3.1.1 (3.1.1)
)))
(c:/texlive/2018/texmf-dist/tex/generic/pgf/systemlayer/pgfsyssoftpath.code.tex
File: pgfsyssoftpath.code.tex 2019/02/02 v3.1.1 (3.1.1)
\pgfsyssoftpath@smallbuffer@items=\count179
\pgfsyssoftpath@bigbuffer@items=\count180
)
(c:/texlive/2018/texmf-dist/tex/generic/pgf/systemlayer/pgfsysprotocol.code.tex
File: pgfsysprotocol.code.tex 2019/02/02 v3.1.1 (3.1.1)
)) (c:/texlive/2018/texmf-dist/tex/generic/pgf/basiclayer/pgfcore.code.tex
Package: pgfcore 2019/02/02 v3.1.1 (3.1.1)

(c:/texlive/2018/texmf-dist/tex/generic/pgf/math/pgfmath.code.tex
(c:/texlive/2018/texmf-dist/tex/generic/pgf/math/pgfmathcalc.code.tex
(c:/texlive/2018/texmf-dist/tex/generic/pgf/math/pgfmathutil.code.tex)
(c:/texlive/2018/texmf-dist/tex/generic/pgf/math/pgfmathparser.code.tex
\pgfmath@dimen=\dimen198
\pgfmath@count=\count181
\pgfmath@box=\box68
\pgfmath@toks=\toks49
\pgfmath@stack@operand=\toks50
\pgfmath@stack@operation=\toks51
)
(c:/texlive/2018/texmf-dist/tex/generic/pgf/math/pgfmathfunctions.code.tex
(c:/texlive/2018/texmf-dist/tex/generic/pgf/math/pgfmathfunctions.basic.code.te
x)
(c:/texlive/2018/texmf-dist/tex/generic/pgf/math/pgfmathfunctions.trigonometric
.code.tex)
(c:/texlive/2018/texmf-dist/tex/generic/pgf/math/pgfmathfunctions.random.code.t
ex)
(c:/texlive/2018/texmf-dist/tex/generic/pgf/math/pgfmathfunctions.comparison.co
de.tex)
(c:/texlive/2018/texmf-dist/tex/generic/pgf/math/pgfmathfunctions.base.code.tex
)
(c:/texlive/2018/texmf-dist/tex/generic/pgf/math/pgfmathfunctions.round.code.te
x)
(c:/texlive/2018/texmf-dist/tex/generic/pgf/math/pgfmathfunctions.misc.code.tex
)
(c:/texlive/2018/texmf-dist/tex/generic/pgf/math/pgfmathfunctions.integerarithm
etics.code.tex)))
(c:/texlive/2018/texmf-dist/tex/generic/pgf/math/pgfmathfloat.code.tex
\c@pgfmathroundto@lastzeros=\count182
))
(c:/texlive/2018/texmf-dist/tex/generic/pgf/basiclayer/pgfcorepoints.code.tex
File: pgfcorepoints.code.tex 2019/02/02 v3.1.1 (3.1.1)
\pgf@picminx=\dimen199
\pgf@picmaxx=\dimen256
\pgf@picminy=\dimen257
\pgf@picmaxy=\dimen258
\pgf@pathminx=\dimen259
\pgf@pathmaxx=\dimen260
\pgf@pathminy=\dimen261
\pgf@pathmaxy=\dimen262
\pgf@xx=\dimen263
\pgf@xy=\dimen264
\pgf@yx=\dimen265
\pgf@yy=\dimen266
\pgf@zx=\dimen267
\pgf@zy=\dimen268
)
(c:/texlive/2018/texmf-dist/tex/generic/pgf/basiclayer/pgfcorepathconstruct.cod
e.tex
File: pgfcorepathconstruct.code.tex 2019/02/02 v3.1.1 (3.1.1)
\pgf@path@lastx=\dimen269
\pgf@path@lasty=\dimen270
)
(c:/texlive/2018/texmf-dist/tex/generic/pgf/basiclayer/pgfcorepathusage.code.te
x
File: pgfcorepathusage.code.tex 2019/02/02 v3.1.1 (3.1.1)
\pgf@shorten@end@additional=\dimen271
\pgf@shorten@start@additional=\dimen272
)
(c:/texlive/2018/texmf-dist/tex/generic/pgf/basiclayer/pgfcorescopes.code.tex
File: pgfcorescopes.code.tex 2019/02/02 v3.1.1 (3.1.1)
\pgfpic=\box69
\pgf@hbox=\box70
\pgf@layerbox@main=\box71
\pgf@picture@serial@count=\count183
)
(c:/texlive/2018/texmf-dist/tex/generic/pgf/basiclayer/pgfcoregraphicstate.code
.tex
File: pgfcoregraphicstate.code.tex 2019/02/02 v3.1.1 (3.1.1)
\pgflinewidth=\dimen273
)
(c:/texlive/2018/texmf-dist/tex/generic/pgf/basiclayer/pgfcoretransformations.c
ode.tex
File: pgfcoretransformations.code.tex 2019/02/02 v3.1.1 (3.1.1)
\pgf@pt@x=\dimen274
\pgf@pt@y=\dimen275
\pgf@pt@temp=\dimen276
)
(c:/texlive/2018/texmf-dist/tex/generic/pgf/basiclayer/pgfcorequick.code.tex
File: pgfcorequick.code.tex 2019/02/02 v3.1.1 (3.1.1)
)
(c:/texlive/2018/texmf-dist/tex/generic/pgf/basiclayer/pgfcoreobjects.code.tex
File: pgfcoreobjects.code.tex 2019/02/02 v3.1.1 (3.1.1)
)
(c:/texlive/2018/texmf-dist/tex/generic/pgf/basiclayer/pgfcorepathprocessing.co
de.tex
File: pgfcorepathprocessing.code.tex 2019/02/02 v3.1.1 (3.1.1)
)
(c:/texlive/2018/texmf-dist/tex/generic/pgf/basiclayer/pgfcorearrows.code.tex
File: pgfcorearrows.code.tex 2019/02/02 v3.1.1 (3.1.1)
\pgfarrowsep=\dimen277
)
(c:/texlive/2018/texmf-dist/tex/generic/pgf/basiclayer/pgfcoreshade.code.tex
File: pgfcoreshade.code.tex 2019/02/02 v3.1.1 (3.1.1)
\pgf@max=\dimen278
\pgf@sys@shading@range@num=\count184
)
(c:/texlive/2018/texmf-dist/tex/generic/pgf/basiclayer/pgfcoreimage.code.tex
File: pgfcoreimage.code.tex 2019/02/02 v3.1.1 (3.1.1)

(c:/texlive/2018/texmf-dist/tex/generic/pgf/basiclayer/pgfcoreexternal.code.tex
File: pgfcoreexternal.code.tex 2019/02/02 v3.1.1 (3.1.1)
\pgfexternal@startupbox=\box72
))
(c:/texlive/2018/texmf-dist/tex/generic/pgf/basiclayer/pgfcorelayers.code.tex
File: pgfcorelayers.code.tex 2019/02/02 v3.1.1 (3.1.1)
)
(c:/texlive/2018/texmf-dist/tex/generic/pgf/basiclayer/pgfcoretransparency.code
.tex
File: pgfcoretransparency.code.tex 2019/02/02 v3.1.1 (3.1.1)
)
(c:/texlive/2018/texmf-dist/tex/generic/pgf/basiclayer/pgfcorepatterns.code.tex
File: pgfcorepatterns.code.tex 2019/02/02 v3.1.1 (3.1.1)
) (c:/texlive/2018/texmf-dist/tex/generic/pgf/basiclayer/pgfcorerdf.code.tex
File: pgfcorerdf.code.tex 2019/02/02 v3.1.1 (3.1.1)
))) (c:/texlive/2018/texmf-dist/tex/generic/pgf/modules/pgfmoduleshapes.code.te
x
File: pgfmoduleshapes.code.tex 2019/02/02 v3.1.1 (3.1.1)
\pgfnodeparttextbox=\box73
)
(c:/texlive/2018/texmf-dist/tex/generic/pgf/modules/pgfmoduleplot.code.tex
File: pgfmoduleplot.code.tex 2019/02/02 v3.1.1 (3.1.1)
)
(c:/texlive/2018/texmf-dist/tex/latex/pgf/compatibility/pgfcomp-version-0-65.st
y
Package: pgfcomp-version-0-65 2019/02/02 v3.1.1 (3.1.1)
\pgf@nodesepstart=\dimen279
\pgf@nodesepend=\dimen280
)
(c:/texlive/2018/texmf-dist/tex/latex/pgf/compatibility/pgfcomp-version-1-18.st
y
Package: pgfcomp-version-1-18 2019/02/02 v3.1.1 (3.1.1)
)) (c:/texlive/2018/texmf-dist/tex/latex/pgf/utilities/pgffor.sty
(c:/texlive/2018/texmf-dist/tex/latex/pgf/utilities/pgfkeys.sty
(c:/texlive/2018/texmf-dist/tex/generic/pgf/utilities/pgfkeys.code.tex))
(c:/texlive/2018/texmf-dist/tex/latex/pgf/math/pgfmath.sty
(c:/texlive/2018/texmf-dist/tex/generic/pgf/math/pgfmath.code.tex))
(c:/texlive/2018/texmf-dist/tex/generic/pgf/utilities/pgffor.code.tex
Package: pgffor 2019/02/02 v3.1.1 (3.1.1)

(c:/texlive/2018/texmf-dist/tex/generic/pgf/math/pgfmath.code.tex)
\pgffor@iter=\dimen281
\pgffor@skip=\dimen282
\pgffor@stack=\toks52
\pgffor@toks=\toks53
))
(c:/texlive/2018/texmf-dist/tex/generic/pgf/frontendlayer/tikz/tikz.code.tex
Package: tikz 2019/02/02 v3.1.1 (3.1.1)

(c:/texlive/2018/texmf-dist/tex/generic/pgf/libraries/pgflibraryplothandlers.co
de.tex
File: pgflibraryplothandlers.code.tex 2019/02/02 v3.1.1 (3.1.1)
\pgf@plot@mark@count=\count185
\pgfplotmarksize=\dimen283
)
\tikz@lastx=\dimen284
\tikz@lasty=\dimen285
\tikz@lastxsaved=\dimen286
\tikz@lastysaved=\dimen287
\tikzleveldistance=\dimen288
\tikzsiblingdistance=\dimen289
\tikz@figbox=\box74
\tikz@figbox@bg=\box75
\tikz@tempbox=\box76
\tikz@tempbox@bg=\box77
\tikztreelevel=\count186
\tikznumberofchildren=\count187
\tikznumberofcurrentchild=\count188
\tikz@fig@count=\count189

(c:/texlive/2018/texmf-dist/tex/generic/pgf/modules/pgfmodulematrix.code.tex
File: pgfmodulematrix.code.tex 2019/02/02 v3.1.1 (3.1.1)
\pgfmatrixcurrentrow=\count190
\pgfmatrixcurrentcolumn=\count191
\pgf@matrix@numberofcolumns=\count192
)
\tikz@expandcount=\count193

(c:/texlive/2018/texmf-dist/tex/generic/pgf/frontendlayer/tikz/libraries/tikzli
brarytopaths.code.tex
File: tikzlibrarytopaths.code.tex 2019/02/02 v3.1.1 (3.1.1)
)))
(c:/texlive/2018/texmf-dist/tex/generic/pgfplots/pgfplots.code.tex
(c:/texlive/2018/texmf-dist/tex/generic/pgfplots/pgfplotscore.code.tex
\t@pgfplots@toka=\toks54
\t@pgfplots@tokb=\toks55
\t@pgfplots@tokc=\toks56
\pgfplots@tmpa=\dimen290
\c@pgfplots@coordindex=\count194
\c@pgfplots@scanlineindex=\count195

(c:/texlive/2018/texmf-dist/tex/generic/pgfplots/sys/pgfplotssysgeneric.code.te
x))
(c:/texlive/2018/texmf-dist/tex/generic/pgfplots/libs/pgfplotslibrary.code.tex)

(c:/texlive/2018/texmf-dist/tex/generic/pgfplots/oldpgfcompatib/pgfplotsoldpgfs
upp_loader.code.tex
(c:/texlive/2018/texmf-dist/tex/generic/pgf/libraries/pgflibraryfpu.code.tex)
Package pgfplots: loading complementary arithmetics for your pgf version...

(c:/texlive/2018/texmf-dist/tex/generic/pgfplots/oldpgfcompatib/pgfplotsoldpgfs
upp_pgflibraryfpu.code.tex)
(c:/texlive/2018/texmf-dist/tex/generic/pgfplots/oldpgfcompatib/pgfplotsoldpgfs
upp_pgfmathfloat.code.tex
\c@pgfmathroundto@lastzeros=\count196
))
(c:/texlive/2018/texmf-dist/tex/generic/pgfplots/util/pgfplotsutil.code.tex
(c:/texlive/2018/texmf-dist/tex/generic/pgfplots/liststructure/pgfplotsliststru
cture.code.tex)
(c:/texlive/2018/texmf-dist/tex/generic/pgfplots/liststructure/pgfplotsliststru
ctureext.code.tex)
(c:/texlive/2018/texmf-dist/tex/generic/pgfplots/liststructure/pgfplotsarray.co
de.tex
\c@pgfplotsarray@tmp=\count197
)
(c:/texlive/2018/texmf-dist/tex/generic/pgfplots/liststructure/pgfplotsmatrix.c
ode.tex)
(c:/texlive/2018/texmf-dist/tex/generic/pgfplots/numtable/pgfplotstableshared.c
ode.tex
\c@pgfplotstable@counta=\count198
\t@pgfplotstable@a=\toks57
)
(c:/texlive/2018/texmf-dist/tex/generic/pgfplots/liststructure/pgfplotsdeque.co
de.tex)
(c:/texlive/2018/texmf-dist/tex/generic/pgfplots/util/pgfplotsbinary.code.tex
(c:/texlive/2018/texmf-dist/tex/generic/pgfplots/util/pgfplotsbinary.data.code.
tex))
(c:/texlive/2018/texmf-dist/tex/generic/pgfplots/util/pgfplotsutil.verb.code.te
x)
(c:/texlive/2018/texmf-dist/tex/generic/pgfplots/libs/pgflibrarypgfplots.surfsh
ading.code.tex
\c@pgfplotslibrarysurf@no=\count199

(c:/texlive/2018/texmf-dist/tex/generic/pgfplots/sys/pgflibrarypgfplots.surfsha
ding.pgfsys-pdftex.def)))
(c:/texlive/2018/texmf-dist/tex/generic/pgfplots/util/pgfplotscolormap.code.tex
(c:/texlive/2018/texmf-dist/tex/generic/pgfplots/util/pgfplotscolor.code.tex))
(c:/texlive/2018/texmf-dist/tex/generic/pgfplots/pgfplotsstackedplots.code.tex)
(c:/texlive/2018/texmf-dist/tex/generic/pgfplots/pgfplotsplothandlers.code.tex
(c:/texlive/2018/texmf-dist/tex/generic/pgfplots/pgfplotsmeshplothandler.code.t
ex
(c:/texlive/2018/texmf-dist/tex/generic/pgfplots/pgfplotsmeshplotimage.code.tex
))) (c:/texlive/2018/texmf-dist/tex/generic/pgfplots/pgfplots.scaling.code.tex)

(c:/texlive/2018/texmf-dist/tex/generic/pgfplots/pgfplotscoordprocessing.code.t
ex)
(c:/texlive/2018/texmf-dist/tex/generic/pgfplots/pgfplots.errorbars.code.tex)
(c:/texlive/2018/texmf-dist/tex/generic/pgfplots/pgfplots.markers.code.tex)
(c:/texlive/2018/texmf-dist/tex/generic/pgfplots/pgfplotsticks.code.tex)
(c:/texlive/2018/texmf-dist/tex/generic/pgfplots/pgfplots.paths.code.tex)
(c:/texlive/2018/texmf-dist/tex/generic/pgf/frontendlayer/tikz/libraries/tikzli
brarydecorations.code.tex
(c:/texlive/2018/texmf-dist/tex/generic/pgf/modules/pgfmoduledecorations.code.t
ex
\pgfdecoratedcompleteddistance=\dimen291
\pgfdecoratedremainingdistance=\dimen292
\pgfdecoratedinputsegmentcompleteddistance=\dimen293
\pgfdecoratedinputsegmentremainingdistance=\dimen294
\pgf@decorate@distancetomove=\dimen295
\pgf@decorate@repeatstate=\count266
\pgfdecorationsegmentamplitude=\dimen296
\pgfdecorationsegmentlength=\dimen297
)
\tikz@lib@dec@box=\box78
)
(c:/texlive/2018/texmf-dist/tex/generic/pgf/frontendlayer/tikz/libraries/tikzli
brarydecorations.pathmorphing.code.tex
(c:/texlive/2018/texmf-dist/tex/generic/pgf/libraries/decorations/pgflibrarydec
orations.pathmorphing.code.tex))
(c:/texlive/2018/texmf-dist/tex/generic/pgf/frontendlayer/tikz/libraries/tikzli
brarydecorations.pathreplacing.code.tex
(c:/texlive/2018/texmf-dist/tex/generic/pgf/libraries/decorations/pgflibrarydec
orations.pathreplacing.code.tex))
\pgfplots@numplots=\count267
\pgfplots@xmin@reg=\dimen298
\pgfplots@xmax@reg=\dimen299
\pgfplots@ymin@reg=\dimen300
\pgfplots@ymax@reg=\dimen301
\pgfplots@zmin@reg=\dimen302
\pgfplots@zmax@reg=\dimen303
)
(c:/texlive/2018/texmf-dist/tex/generic/pgf/frontendlayer/tikz/libraries/tikzli
braryplotmarks.code.tex
File: tikzlibraryplotmarks.code.tex 2019/02/02 v3.1.1 (3.1.1)

(c:/texlive/2018/texmf-dist/tex/generic/pgf/libraries/pgflibraryplotmarks.code.
tex
File: pgflibraryplotmarks.code.tex 2019/02/02 v3.1.1 (3.1.1)
)))
(c:/texlive/2018/texmf-dist/tex/generic/pgf/frontendlayer/tikz/libraries/tikzli
braryshapes.code.tex
File: tikzlibraryshapes.code.tex 2019/02/02 v3.1.1 (3.1.1)

(c:/texlive/2018/texmf-dist/tex/generic/pgf/frontendlayer/tikz/libraries/tikzli
braryshapes.geometric.code.tex
File: tikzlibraryshapes.geometric.code.tex 2019/02/02 v3.1.1 (3.1.1)

(c:/texlive/2018/texmf-dist/tex/generic/pgf/libraries/shapes/pgflibraryshapes.g
eometric.code.tex
File: pgflibraryshapes.geometric.code.tex 2019/02/02 v3.1.1 (3.1.1)
))
(c:/texlive/2018/texmf-dist/tex/generic/pgf/frontendlayer/tikz/libraries/tikzli
braryshapes.misc.code.tex
File: tikzlibraryshapes.misc.code.tex 2019/02/02 v3.1.1 (3.1.1)

(c:/texlive/2018/texmf-dist/tex/generic/pgf/libraries/shapes/pgflibraryshapes.m
isc.code.tex
File: pgflibraryshapes.misc.code.tex 2019/02/02 v3.1.1 (3.1.1)
))
(c:/texlive/2018/texmf-dist/tex/generic/pgf/frontendlayer/tikz/libraries/tikzli
braryshapes.symbols.code.tex
File: tikzlibraryshapes.symbols.code.tex 2019/02/02 v3.1.1 (3.1.1)

(c:/texlive/2018/texmf-dist/tex/generic/pgf/libraries/shapes/pgflibraryshapes.s
ymbols.code.tex
File: pgflibraryshapes.symbols.code.tex 2019/02/02 v3.1.1 (3.1.1)
))
(c:/texlive/2018/texmf-dist/tex/generic/pgf/frontendlayer/tikz/libraries/tikzli
braryshapes.arrows.code.tex
File: tikzlibraryshapes.arrows.code.tex 2019/02/02 v3.1.1 (3.1.1)

(c:/texlive/2018/texmf-dist/tex/generic/pgf/libraries/shapes/pgflibraryshapes.a
rrows.code.tex
File: pgflibraryshapes.arrows.code.tex 2019/02/02 v3.1.1 (3.1.1)
))
(c:/texlive/2018/texmf-dist/tex/generic/pgf/frontendlayer/tikz/libraries/tikzli
braryshapes.callouts.code.tex
(c:/texlive/2018/texmf-dist/tex/generic/pgf/libraries/shapes/pgflibraryshapes.c
allouts.code.tex))
(c:/texlive/2018/texmf-dist/tex/generic/pgf/frontendlayer/tikz/libraries/tikzli
braryshapes.multipart.code.tex
File: tikzlibraryshapes.multipart.code.tex 2019/02/02 v3.1.1 (3.1.1)

(c:/texlive/2018/texmf-dist/tex/generic/pgf/libraries/shapes/pgflibraryshapes.m
ultipart.code.tex
File: pgflibraryshapes.multipart.code.tex 2019/02/02 v3.1.1 (3.1.1)
\pgfnodepartlowerbox=\box79
\pgfnodeparttwobox=\box80
\pgfnodepartthreebox=\box81
\pgfnodepartfourbox=\box82
\pgfnodeparttwentybox=\box83
\pgfnodepartnineteenbox=\box84
\pgfnodeparteighteenbox=\box85
\pgfnodepartseventeenbox=\box86
\pgfnodepartsixteenbox=\box87
\pgfnodepartfifteenbox=\box88
\pgfnodepartfourteenbox=\box89
\pgfnodepartthirteenbox=\box90
\pgfnodeparttwelvebox=\box91
\pgfnodepartelevenbox=\box92
\pgfnodeparttenbox=\box93
\pgfnodepartninebox=\box94
\pgfnodeparteightbox=\box95
\pgfnodepartsevenbox=\box96
\pgfnodepartsixbox=\box97
\pgfnodepartfivebox=\box98
)))
(c:/texlive/2018/texmf-dist/tex/generic/pgf/frontendlayer/tikz/libraries/tikzli
braryarrows.code.tex
File: tikzlibraryarrows.code.tex 2019/02/02 v3.1.1 (3.1.1)

(c:/texlive/2018/texmf-dist/tex/generic/pgf/libraries/pgflibraryarrows.code.tex
File: pgflibraryarrows.code.tex 2019/02/02 v3.1.1 (3.1.1)
\arrowsize=\dimen304
))
(c:/texlive/2018/texmf-dist/tex/generic/pgf/frontendlayer/tikz/libraries/tikzli
brarycalc.code.tex
File: tikzlibrarycalc.code.tex 2019/02/02 v3.1.1 (3.1.1)
)
(c:/texlive/2018/texmf-dist/tex/generic/pgf/libraries/pgflibraryarrows.meta.cod
e.tex
File: pgflibraryarrows.meta.code.tex 2019/02/02 v3.1.1 (3.1.1)
\pgfarrowinset=\dimen305
\pgfarrowlength=\dimen306
\pgfarrowwidth=\dimen307
\pgfarrowlinewidth=\dimen308
) (c:/texlive/2018/texmf-dist/tex/latex/amsfonts/amssymb.sty
Package: amssymb 2013/01/14 v3.01 AMS font symbols

(c:/texlive/2018/texmf-dist/tex/latex/amsfonts/amsfonts.sty
Package: amsfonts 2013/01/14 v3.01 Basic AMSFonts support
\symAMSa=\mathgroup4
\symAMSb=\mathgroup5
LaTeX Font Info:    Overwriting math alphabet `\mathfrak' in version `bold'
(Font)                  U/euf/m/n --> U/euf/b/n on input line 106.
))
(c:/texlive/2018/texmf-dist/tex/latex/mathtools/mathtools.sty
Package: mathtools 2018/01/08 v1.21 mathematical typesetting tools

(c:/texlive/2018/texmf-dist/tex/latex/mathtools/mhsetup.sty
Package: mhsetup 2017/03/31 v1.3 programming setup (MH)
)
LaTeX Info: Thecontrolsequence`\('isalreadyrobust on input line 129.
LaTeX Info: Thecontrolsequence`\)'isalreadyrobust on input line 129.
LaTeX Info: Thecontrolsequence`\['isalreadyrobust on input line 129.
LaTeX Info: Thecontrolsequence`\]'isalreadyrobust on input line 129.
\g_MT_multlinerow_int=\count268
\l_MT_multwidth_dim=\dimen309
\origjot=\skip80
\l_MT_shortvdotswithinadjustabove_dim=\dimen310
\l_MT_shortvdotswithinadjustbelow_dim=\dimen311
\l_MT_above_intertext_sep=\dimen312
\l_MT_below_intertext_sep=\dimen313
\l_MT_above_shortintertext_sep=\dimen314
\l_MT_below_shortintertext_sep=\dimen315
)
(c:/texlive/2018/texmf-dist/tex/latex/multirow/multirow.sty
Package: multirow 2019/01/01 v2.4 Span multiple rows of a table
\multirow@colwidth=\skip81
\multirow@cntb=\count269
\multirow@dima=\skip82
\bigstrutjot=\dimen316
)
(c:/texlive/2018/texmf-dist/tex/latex/tools/enumerate.sty
Package: enumerate 2015/07/23 v3.00 enumerate extensions (DPC)
\@enLab=\toks58
)
(c:/texlive/2018/texmf-dist/tex/latex/natbib/natbib.sty
Package: natbib 2010/09/13 8.31b (PWD, AO)
\bibhang=\skip83
\bibsep=\skip84
LaTeX Info: Redefining \cite on input line 694.
\c@NAT@ctr=\count270
)
(c:/texlive/2018/texmf-dist/tex/latex/listings/listings.sty
\lst@mode=\count271
\lst@gtempboxa=\box99
\lst@token=\toks59
\lst@length=\count272
\lst@currlwidth=\dimen317
\lst@column=\count273
\lst@pos=\count274
\lst@lostspace=\dimen318
\lst@width=\dimen319
\lst@newlines=\count275
\lst@lineno=\count276
\lst@maxwidth=\dimen320

(c:/texlive/2018/texmf-dist/tex/latex/listings/lstmisc.sty
File: lstmisc.sty 2018/09/02 1.7 (Carsten Heinz)
\c@lstnumber=\count277
\lst@skipnumbers=\count278
\lst@framebox=\box100
)
(c:/texlive/2018/texmf-dist/tex/latex/listings/listings.cfg
File: listings.cfg 2018/09/02 1.7 listings configuration
))
Package: listings 2018/09/02 1.7 (Carsten Heinz)

(c:/texlive/2018/texmf-dist/tex/latex/listings/lstlang1.sty
File: lstlang1.sty 2018/09/02 1.7 listings language file
)
(c:/texlive/2018/texmf-dist/tex/generic/dirtree/dirtree.sty
Package: dirtree 2012/12/11 v0.32 package wrapper for dirtree

(c:/texlive/2018/texmf-dist/tex/generic/dirtree/dirtree.tex
`dirtree' v0.32, 2012/12/11 (jcc)
\DT@offset=\dimen321
\DT@width=\dimen322
\DT@sep=\dimen323
\DT@all=\dimen324
\DT@rulewidth=\dimen325
\DT@dotwidth=\dimen326
\DTbaselineskip=\dimen327
\DT@counti=\count279
\DT@countii=\count280
\DT@countiii=\count281
\DT@countiv=\count282
\DT@indent=\dimen328
\DT@parskip=\dimen329
\DT@baselineskip=\dimen330
)
File: dirtree.tex 2012/12/11 v0.32 `dirtree' (jcc)
)) (./preamble/metadata.tex)
(./preamble/acronyms.tex) (./preamble/glossary.tex)
Package csquotes Info: Checking for multilingual support...
Package csquotes Info: ... found 'babel' package.
Package csquotes Info: Adjusting default style.
Package csquotes Info: Redefining alias 'default' -> 'english'.
 (./main.aux
(./frontmatter.aux) (./introduction.aux) (./theoreticalframework.aux)
(./method.aux) (./results.aux) (./discussion.aux) (./backmatter.aux))
\openout1 = `main.aux'.

LaTeX Font Info:    Checking defaults for OML/cmm/m/it on input line 39.
LaTeX Font Info:    ... okay on input line 39.
LaTeX Font Info:    Checking defaults for T1/cmr/m/n on input line 39.
LaTeX Font Info:    ... okay on input line 39.
LaTeX Font Info:    Checking defaults for OT1/cmr/m/n on input line 39.
LaTeX Font Info:    ... okay on input line 39.
LaTeX Font Info:    Checking defaults for OMS/cmsy/m/n on input line 39.
LaTeX Font Info:    ... okay on input line 39.
LaTeX Font Info:    Checking defaults for OMX/cmex/m/n on input line 39.
LaTeX Font Info:    ... okay on input line 39.
LaTeX Font Info:    Checking defaults for U/cmr/m/n on input line 39.
LaTeX Font Info:    ... okay on input line 39.
LaTeX Font Info:    Checking defaults for PD1/pdf/m/n on input line 39.
LaTeX Font Info:    ... okay on input line 39.
LaTeX Font Info:    Try loading font information for T1+ppl on input line 39.

(c:/texlive/2018/texmf-dist/tex/latex/psnfss/t1ppl.fd
File: t1ppl.fd 2001/06/04 font definitions for T1/ppl.
)
*geometry* driver: auto-detecting
*geometry* detected driver: pdftex
*geometry* verbose mode - [ preamble ] result:
* driver: pdftex
* paper: a4paper
* layout: <same size as paper>
* layoutoffset:(h,v)=(0.0pt,0.0pt)
* modes: twoside 
* h-part:(L,W,R)=(128.0374pt, 369.88583pt, 99.58464pt)
* v-part:(T,H,B)=(105.27519pt, 597.50787pt, 142.26378pt)
* \paperwidth=597.50787pt
* \paperheight=845.04684pt
* \textwidth=369.88583pt
* \textheight=597.50787pt
* \oddsidemargin=55.76741pt
* \evensidemargin=27.31465pt
* \topmargin=-23.90028pt
* \headheight=14.22636pt
* \headsep=42.67912pt
* \topskip=12.0pt
* \footskip=71.13188pt
* \marginparwidth=44.0pt
* \marginparsep=10.0pt
* \columnsep=10.0pt
* \skip\footins=10.8pt plus 4.0pt minus 2.0pt
* \hoffset=0.0pt
* \voffset=0.0pt
* \mag=1000
* \@twocolumnfalse
* \@twosidetrue
* \@mparswitchtrue
* \@reversemarginfalse
* (1in=72.27pt=25.4mm, 1cm=28.453pt)

LaTeX Info: Redefining \microtypecontext on input line 39.
Package microtype Info: Generating PDF output.
Package microtype Info: Character protrusion enabled (level 2).
Package microtype Info: Using default protrusion set `alltext'.
Package microtype Info: Automatic font expansion enabled (level 2),
(microtype)             stretch: 20, shrink: 20, step: 1, non-selected.
Package microtype Info: Using default expansion set `basictext'.
Package microtype Info: No adjustment of tracking.
Package microtype Info: No adjustment of interword spacing.
Package microtype Info: No adjustment of character kerning.
(c:/texlive/2018/texmf-dist/tex/latex/microtype/mt-ppl.cfg
File: mt-ppl.cfg 2005/11/16 v1.6 microtype config. file: Palatino (RS)
)
\AtBeginShipoutBox=\box101

(c:/texlive/2018/texmf-dist/tex/context/base/mkii/supp-pdf.mkii
[Loading MPS to PDF converter (version 2006.09.02).]
\scratchcounter=\count283
\scratchdimen=\dimen331
\scratchbox=\box102
\nofMPsegments=\count284
\nofMParguments=\count285
\everyMPshowfont=\toks60
\MPscratchCnt=\count286
\MPscratchDim=\dimen332
\MPnumerator=\count287
\makeMPintoPDFobject=\count288
\everyMPtoPDFconversion=\toks61
) (c:/texlive/2018/texmf-dist/tex/latex/oberdiek/epstopdf-base.sty
Package: epstopdf-base 2016/05/15 v2.6 Base part for package epstopdf

(c:/texlive/2018/texmf-dist/tex/latex/oberdiek/grfext.sty
Package: grfext 2016/05/16 v1.2 Manage graphics extensions (HO)
)
Package epstopdf-base Info: Redefining graphics rule for `.eps' on input line 4
38.
Package grfext Info: Graphics extension search list:
(grfext)             [.pdf,.png,.jpg,.mps,.jpeg,.jbig2,.jb2,.PDF,.PNG,.JPG,.JPE
G,.JBIG2,.JB2,.eps]
(grfext)             \AppendGraphicsExtensions on input line 456.

(c:/texlive/2018/texmf-dist/tex/latex/latexconfig/epstopdf-sys.cfg
File: epstopdf-sys.cfg 2010/07/13 v1.3 Configuration of (r)epstopdf for TeX Liv
e
))
(c:/texlive/2018/texmf-dist/tex/latex/oberdiek/pdflscape.sty
Package: pdflscape 2016/05/14 v0.11 Display of landscape pages in PDF (HO)

(c:/texlive/2018/texmf-dist/tex/latex/graphics/lscape.sty
Package: lscape 2000/10/22 v3.01 Landscape Pages (DPC)
)
Package pdflscape Info: Auto-detected driver: pdftex on input line 81.
)
Package hyperref Info: Link coloring OFF on input line 39.

(c:/texlive/2018/texmf-dist/tex/latex/hyperref/nameref.sty
Package: nameref 2016/05/21 v2.44 Cross-referencing by name of section

(c:/texlive/2018/texmf-dist/tex/generic/oberdiek/gettitlestring.sty
Package: gettitlestring 2016/05/16 v1.5 Cleanup title references (HO)
)
\c@section@level=\count289
)
LaTeX Info: Redefining \ref on input line 39.
LaTeX Info: Redefining \pageref on input line 39.
LaTeX Info: Redefining \nameref on input line 39.

(./main.out) (./main.out)
\@outlinefile=\write5
\openout5 = `main.out'.

Package caption Info: Begin \AtBeginDocument code.
Package caption Info: listings package is loaded.
Package caption Info: End \AtBeginDocument code.
 ABD: EveryShipout initializing macros
Package pgfplots notification 'compat/show suggested version=true': you might b
enefit from \pgfplotsset{compat=1.16} (current compat level: 1.15).

\c@lstlisting=\count290
<preamble/kth-cover.pdf, id=203, 597.51233pt x 845.03705pt>
File: preamble/kth-cover.pdf Graphic file (type pdf)
<use preamble/kth-cover.pdf>
Package pdftex.def Info: preamble/kth-cover.pdf  used on input line 42.
(pdftex.def)             Requested size: 597.51086pt x 845.03497pt.
File: preamble/kth-cover.pdf Graphic file (type pdf)
<use preamble/kth-cover.pdf>
Package pdftex.def Info: preamble/kth-cover.pdf  used on input line 42.
(pdftex.def)             Requested size: 597.51086pt x 845.03497pt.
<preamble/kth-cover.pdf, id=206, page=1, 597.51233pt x 845.03705pt>
File: preamble/kth-cover.pdf Graphic file (type pdf)
<use preamble/kth-cover.pdf, page 1>
Package pdftex.def Info: preamble/kth-cover.pdf , page1 used on input line 42.
(pdftex.def)             Requested size: 597.51086pt x 845.03497pt.
File: preamble/kth-cover.pdf Graphic file (type pdf)
<use preamble/kth-cover.pdf, page 1>
Package pdftex.def Info: preamble/kth-cover.pdf , page1 used on input line 42.
(pdftex.def)             Requested size: 597.53821pt x 845.07365pt.
File: preamble/kth-cover.pdf Graphic file (type pdf)
<use preamble/kth-cover.pdf, page 1>
Package pdftex.def Info: preamble/kth-cover.pdf , page1 used on input line 42.
(pdftex.def)             Requested size: 597.53821pt x 845.07365pt.
File: preamble/kth-cover.pdf Graphic file (type pdf)
<use preamble/kth-cover.pdf, page 1>
Package pdftex.def Info: preamble/kth-cover.pdf , page1 used on input line 42.
(pdftex.def)             Requested size: 597.53821pt x 845.07365pt.
File: preamble/kth-cover.pdf Graphic file (type pdf)
<use preamble/kth-cover.pdf, page 1>
Package pdftex.def Info: preamble/kth-cover.pdf , page1 used on input line 42.
(pdftex.def)             Requested size: 597.53821pt x 845.07365pt.
[1

 <./preamble/kth-cover.pdf>] [2

]
\openout2 = `frontmatter.aux'.

 (./frontmatter/frontmatter.tex
*geometry* verbose mode - [ newgeometry ] result:
* driver: pdftex
* paper: a4paper
* layout: <same size as paper>
* layoutoffset:(h,v)=(0.0pt,0.0pt)
* modes: 
* h-part:(L,W,R)=(142.26378pt, 355.65945pt, 99.58464pt)
* v-part:(T,H,B)=(184.9429pt, 574.74568pt, 85.35826pt)
* \paperwidth=597.50787pt
* \paperheight=845.04684pt
* \textwidth=355.65945pt
* \textheight=574.74568pt
* \oddsidemargin=69.99379pt
* \evensidemargin=69.99379pt
* \topmargin=55.76743pt
* \headheight=14.22636pt
* \headsep=42.67912pt
* \topskip=12.0pt
* \footskip=71.13188pt
* \marginparwidth=44.0pt
* \marginparsep=10.0pt
* \columnsep=10.0pt
* \skip\footins=10.8pt plus 4.0pt minus 2.0pt
* \hoffset=0.0pt
* \voffset=0.0pt
* \mag=1000
* \@twocolumnfalse
* \@twosidefalse
* \@mparswitchfalse
* \@reversemarginfalse
* (1in=72.27pt=25.4mm, 1cm=28.453pt)

LaTeX Font Info:    Try loading font information for T1+phv on input line 4.

(c:/texlive/2018/texmf-dist/tex/latex/psnfss/t1phv.fd
File: t1phv.fd 2001/06/04 scalable font definitions for T1/phv.
)
Package microtype Info: Loading generic protrusion settings for font family
(microtype)             `phv' (encoding: T1).
(microtype)             For optimal results, create family-specific settings.
(microtype)             See the microtype manual for details.
LaTeX Font Info:    Font shape `T1/phv/bx/n' in size <24.88> not available
(Font)              Font shape `T1/phv/b/n' tried instead on input line 4.
LaTeX Font Info:    Font shape `T1/phv/m/it' in size <12> not available
(Font)              Font shape `T1/phv/m/sl' tried instead on input line 4.
 [1


{c:/texlive/2018/texmf-var/fonts/map/pdftex/updmap/pdftex.map}] [2


] (./frontmatter/abstract.tex

pdfTeX warning: pdflatex.exe (file ./KTHAbstract.pdf): PDF inclusion: found PDF
 version <1.7>, but at most version <1.5> allowed
<KTHAbstract.pdf, id=236, 597.55246pt x 845.19763pt>
File: KTHAbstract.pdf Graphic file (type pdf)
<use KTHAbstract.pdf>
Package pdftex.def Info: KTHAbstract.pdf  used on input line 25.
(pdftex.def)             Requested size: 597.551pt x 845.19557pt.


pdfTeX warning: pdflatex.exe (file ./KTHAbstract.pdf): PDF inclusion: found PDF
 version <1.7>, but at most version <1.5> allowed
File: KTHAbstract.pdf Graphic file (type pdf)
<use KTHAbstract.pdf>
Package pdftex.def Info: KTHAbstract.pdf  used on input line 25.
(pdftex.def)             Requested size: 597.551pt x 845.19557pt.


pdfTeX warning: pdflatex.exe (file ./KTHAbstract.pdf): PDF inclusion: found PDF
 version <1.7>, but at most version <1.5> allowed


pdfTeX warning: pdflatex.exe (file ./KTHAbstract.pdf): PDF inclusion: found PDF
 version <1.7>, but at most version <1.5> allowed
<KTHAbstract.pdf, id=239, page=1, 597.55246pt x 845.19763pt>
File: KTHAbstract.pdf Graphic file (type pdf)
<use KTHAbstract.pdf, page 1>
Package pdftex.def Info: KTHAbstract.pdf , page1 used on input line 25.
(pdftex.def)             Requested size: 597.551pt x 845.19557pt.
File: KTHAbstract.pdf Graphic file (type pdf)
<use KTHAbstract.pdf, page 1>
Package pdftex.def Info: KTHAbstract.pdf , page1 used on input line 25.
(pdftex.def)             Requested size: 597.57834pt x 845.23425pt.
File: KTHAbstract.pdf Graphic file (type pdf)
<use KTHAbstract.pdf, page 1>
Package pdftex.def Info: KTHAbstract.pdf , page1 used on input line 25.
(pdftex.def)             Requested size: 597.57834pt x 845.23425pt.
File: KTHAbstract.pdf Graphic file (type pdf)
<use KTHAbstract.pdf, page 1>
Package pdftex.def Info: KTHAbstract.pdf , page1 used on input line 25.
(pdftex.def)             Requested size: 597.57834pt x 845.23425pt.
File: KTHAbstract.pdf Graphic file (type pdf)
<use KTHAbstract.pdf, page 1>
Package pdftex.def Info: KTHAbstract.pdf , page1 used on input line 25.
(pdftex.def)             Requested size: 597.57834pt x 845.23425pt.
[3 <./KTHAbstract.pdf>]

pdfTeX warning: pdflatex.exe (file ./KTHAbstract.pdf): PDF inclusion: found PDF
 version <1.7>, but at most version <1.5> allowed
<KTHAbstract.pdf, id=258, page=2, 597.55246pt x 845.19763pt>
File: KTHAbstract.pdf Graphic file (type pdf)
<use KTHAbstract.pdf, page 2>
Package pdftex.def Info: KTHAbstract.pdf , page2 used on input line 25.
(pdftex.def)             Requested size: 597.57834pt x 845.23425pt.
File: KTHAbstract.pdf Graphic file (type pdf)
<use KTHAbstract.pdf, page 2>
Package pdftex.def Info: KTHAbstract.pdf , page2 used on input line 25.
(pdftex.def)             Requested size: 597.57834pt x 845.23425pt.
File: KTHAbstract.pdf Graphic file (type pdf)
<use KTHAbstract.pdf, page 2>
Package pdftex.def Info: KTHAbstract.pdf , page2 used on input line 25.
(pdftex.def)             Requested size: 597.57834pt x 845.23425pt.
[4 <./KTHAbstract.pdf>]

pdfTeX warning: pdflatex.exe (file ./KTHAbstract.pdf): PDF inclusion: found PDF
 version <1.7>, but at most version <1.5> allowed
<KTHAbstract.pdf, id=264, page=3, 597.55246pt x 845.19763pt>
File: KTHAbstract.pdf Graphic file (type pdf)
<use KTHAbstract.pdf, page 3>
Package pdftex.def Info: KTHAbstract.pdf , page3 used on input line 25.
(pdftex.def)             Requested size: 597.57834pt x 845.23425pt.
File: KTHAbstract.pdf Graphic file (type pdf)
<use KTHAbstract.pdf, page 3>
Package pdftex.def Info: KTHAbstract.pdf , page3 used on input line 25.
(pdftex.def)             Requested size: 597.57834pt x 845.23425pt.
File: KTHAbstract.pdf Graphic file (type pdf)
<use KTHAbstract.pdf, page 3>
Package pdftex.def Info: KTHAbstract.pdf , page3 used on input line 25.
(pdftex.def)             Requested size: 597.57834pt x 845.23425pt.
[5 <./KTHAbstract.pdf>]) (./frontmatter/acknowledgement.tex
LaTeX Font Info:    Font shape `T1/phv/bx/n' in size <17.28> not available
(Font)              Font shape `T1/phv/b/n' tried instead on input line 4.
LaTeX Font Info:    Font shape `T1/ppl/bx/n' in size <12> not available
(Font)              Font shape `T1/ppl/b/n' tried instead on input line 22.
) [6] (./main.toc
(c:/texlive/2018/texmf-dist/tex/latex/microtype/mt-cmr.cfg
File: mt-cmr.cfg 2013/05/19 v2.2 microtype config. file: Computer Modern Roman 
(RS)
)
LaTeX Font Info:    Try loading font information for U+msa on input line 7.

(c:/texlive/2018/texmf-dist/tex/latex/amsfonts/umsa.fd
File: umsa.fd 2013/01/14 v3.01 AMS symbols A
)
(c:/texlive/2018/texmf-dist/tex/latex/microtype/mt-msa.cfg
File: mt-msa.cfg 2006/02/04 v1.1 microtype config. file: AMS symbols (a) (RS)
)
LaTeX Font Info:    Try loading font information for U+msb on input line 7.

(c:/texlive/2018/texmf-dist/tex/latex/amsfonts/umsb.fd
File: umsb.fd 2013/01/14 v3.01 AMS symbols B
)
(c:/texlive/2018/texmf-dist/tex/latex/microtype/mt-msb.cfg
File: mt-msb.cfg 2005/06/01 v1.0 microtype config. file: AMS symbols (b) (RS)
) [7

])
\tf@toc=\write6
\openout6 = `main.toc'.

 [8]
(./main.lof [9

]
Underfull \hbox (badness 1681) in paragraph at lines 19--19
 [][] [][]\T1/ppl/m/n/12 (+20) A com-par-i-son be-tween RRT* and In-formed RRT*
. 
 []

[10])
\tf@lof=\write7
\openout7 = `main.lof'.

 [11] (./main.lot)
\tf@lot=\write8
\openout8 = `main.lot'.



Package glossaries Warning: Empty glossary for \printnoidxglossary[type={main}]
. Rerun may be required (or you may have forgotten to use commands like \gls) o
n input line 27.

Using TeX to sort glossary entries---this may take a while
[12

] (./preamble/nomenclature.tex))
No file main.nls.
[13


] [14


]
\openout2 = `introduction.aux'.

 (./mainmatter/chapter1/introduction.tex
Chapter 1.
LaTeX Font Info:    Font shape `T1/phv/bx/n' in size <14.4> not available
(Font)              Font shape `T1/phv/b/n' tried instead on input line 9.
pdfTeX warning (ext4): destination with the same identifier (name{page.1}) has 
been already used, duplicate ignored
<to be read again> 
                   \relax 
l.12 
      [1


]
Overfull \hbox (35.64844pt too wide) in paragraph at lines 15--16
\T1/ppl/m/n/12 (-20) rithms in gen-eral, how-ever, is the col-li-sion de-tec-ti
on mech-a-nism[[]LaValle[]]. 
 []

pdfTeX warning (ext4): destination with the same identifier (name{page.2}) has 
been already used, duplicate ignored
<to be read again> 
                   \relax 
l.30 
      [2] [3] [4] [5] (./mainmatter/chapter1/import/workflow_chart.tex
(c:/texlive/2018/texmf-dist/tex/generic/pgf/frontendlayer/tikz/libraries/tikzli
braryfit.code.tex
File: tikzlibraryfit.code.tex 2019/02/02 v3.1.1 (3.1.1)
)
Overfull \hbox (51.07982pt too wide) in paragraph at lines 58--59
[][] 
 []

) [6]) [7]
\openout2 = `theoreticalframework.aux'.

 (./mainmatter/chapter2/theoreticalframework.tex
Chapter 2.
<mainmatter/chapter2/import/ConvexPoly.png, id=703, 1735.48375pt x 1641.13126pt
>
File: mainmatter/chapter2/import/ConvexPoly.png Graphic file (type png)
<use mainmatter/chapter2/import/ConvexPoly.png>
Package pdftex.def Info: mainmatter/chapter2/import/ConvexPoly.png  used on inp
ut line 12.
(pdftex.def)             Requested size: 73.97603pt x 69.94122pt.
<mainmatter/chapter2/import/ConcavePoly.png, id=705, 1735.48375pt x 1641.13126p
t>
File: mainmatter/chapter2/import/ConcavePoly.png Graphic file (type png)
<use mainmatter/chapter2/import/ConcavePoly.png>
Package pdftex.def Info: mainmatter/chapter2/import/ConcavePoly.png  used on in
put line 18.
(pdftex.def)             Requested size: 73.97603pt x 69.94122pt.
[8



 <./mainmatter/chapter2/import/ConvexPoly.png> <./mainmatter/chapter2/import/Co
ncavePoly.png>] [9] [10] (./mainmatter/chapter2/import/paths_ex.tex) [11]
[12] (./mainmatter/chapter2/import/admissable_ex.tex) [13]
(./mainmatter/chapter2/import/heuristics_ex.tex) [14]
LaTeX Font Info:    Font shape `T1/ppl/bx/it' in size <12> not available
(Font)              Font shape `T1/ppl/b/it' tried instead on input line 233.

(./mainmatter/chapter2/import/Astar_rough_grids_ex.tex
Overfull \hbox (57.30544pt too wide) in paragraph at lines 15--16
[][] 
 []

) (./mainmatter/chapter2/import/Astar_fine_grids_ex.tex)
Overfull \hbox (57.30544pt too wide) in paragraph at lines 29--254
[][]
 []


Underfull \hbox (badness 10000) in paragraph at lines 29--254

 []

[15] [16] [17]
<mainmatter/chapter2/import/APF_Obstacle.png, id=822, 383.63326pt x 324.0105pt>

File: mainmatter/chapter2/import/APF_Obstacle.png Graphic file (type png)
<use mainmatter/chapter2/import/APF_Obstacle.png>
Package pdftex.def Info: mainmatter/chapter2/import/APF_Obstacle.png  used on i
nput line 330.
(pdftex.def)             Requested size: 184.94292pt x 156.20059pt.


LaTeX Warning: `h' float specifier changed to `ht'.

[18] (./mainmatter/chapter2/import/APF_Minima_ex.tex

Package pgfplots Warning: Axis range for axis z is approximately empty; enlargi
ng it (it is [0.0:0.0]) on input line 20.

 [warning /pgfplots/warning/approx empty range enlarged]
)
Overfull \hbox (70.70825pt too wide) in paragraph at lines 21--346
[][]
 []


Underfull \hbox (badness 10000) in paragraph at lines 21--346

 []

(./mainmatter/chapter2/import/APF_Maxima_ex.tex

Package pgfplots Warning: Axis range for axis z is approximately empty; enlargi
ng it (it is [0.0:0.0]) on input line 20.

 [warning /pgfplots/warning/approx empty range enlarged]
)
Overfull \hbox (63.96878pt too wide) in paragraph at lines 21--350
[][]
 []


Underfull \hbox (badness 10000) in paragraph at lines 21--350

 []


LaTeX Warning: `!h' float specifier changed to `!ht'.

[19 <./mainmatter/chapter2/import/APF_Obstacle.png>] [20] [21] [22] [23]
[24] [25] [26] [27]
<mainmatter/chapter2/import/RRT_exploration_tree.png, id=1055, 1058.7555pt x 34
4.487pt>
File: mainmatter/chapter2/import/RRT_exploration_tree.png Graphic file (type pn
g)
<use mainmatter/chapter2/import/RRT_exploration_tree.png>
Package pdftex.def Info: mainmatter/chapter2/import/RRT_exploration_tree.png  u
sed on input line 532.
(pdftex.def)             Requested size: 277.41437pt x 90.25835pt.


LaTeX Warning: `h' float specifier changed to `ht'.

[28] [29 <./mainmatter/chapter2/import/RRT_exploration_tree.png>]
<mainmatter/chapter2/import/RRT_edgetravel.png, id=1088, 548.0475pt x 180.07275
pt>
File: mainmatter/chapter2/import/RRT_edgetravel.png Graphic file (type png)
<use mainmatter/chapter2/import/RRT_edgetravel.png>
Package pdftex.def Info: mainmatter/chapter2/import/RRT_edgetravel.png  used on
 input line 568.
(pdftex.def)             Requested size: 203.43832pt x 66.84569pt.
 [30 <./mainmatter/chapter2/import/RRT_edgetravel.png>]
<mainmatter/chapter2/import/RRT_kinodcar.png, id=1114, 442.0515pt x 442.0515pt>

File: mainmatter/chapter2/import/RRT_kinodcar.png Graphic file (type png)
<use mainmatter/chapter2/import/RRT_kinodcar.png>
Package pdftex.def Info: mainmatter/chapter2/import/RRT_kinodcar.png  used on i
nput line 592.
(pdftex.def)             Requested size: 110.96687pt x 110.96452pt.
 [31 <./mainmatter/chapter2/import/RRT_kinodcar.png>]
<mainmatter/chapter2/import/RRT_voronoi_region.png, id=1135, 1059.35776pt x 345
.08925pt>
File: mainmatter/chapter2/import/RRT_voronoi_region.png Graphic file (type png)

<use mainmatter/chapter2/import/RRT_voronoi_region.png>
Package pdftex.def Info: mainmatter/chapter2/import/RRT_voronoi_region.png  use
d on input line 607.
(pdftex.def)             Requested size: 369.88583pt x 120.48816pt.
 [32 <./mainmatter/chapter2/import/RRT_voronoi_region.png>]
<mainmatter/chapter2/import/RRT_connect.png, id=1159, 523.9575pt x 513.71925pt>

File: mainmatter/chapter2/import/RRT_connect.png Graphic file (type png)
<use mainmatter/chapter2/import/RRT_connect.png>
Package pdftex.def Info: mainmatter/chapter2/import/RRT_connect.png  used on in
put line 620.
(pdftex.def)             Requested size: 166.4475pt x 163.19418pt.

[33 <./mainmatter/chapter2/import/RRT_connect.png>]
<mainmatter/chapter2/import/RRT_starvsinformed.png, id=1187, 592.01175pt x 311.
36325pt>
File: mainmatter/chapter2/import/RRT_starvsinformed.png Graphic file (type png)

<use mainmatter/chapter2/import/RRT_starvsinformed.png>
Package pdftex.def Info: mainmatter/chapter2/import/RRT_starvsinformed.png  use
d on input line 639.
(pdftex.def)             Requested size: 240.42352pt x 126.44824pt.
 [34 <./mainmatter/chapter2/import/RRT_starvsinformed.png>] [35]
<mainmatter/chapter2/import/OBB_sepaxis.png, id=1226, 732.336pt x 526.3665pt>
File: mainmatter/chapter2/import/OBB_sepaxis.png Graphic file (type png)
<use mainmatter/chapter2/import/OBB_sepaxis.png>
Package pdftex.def Info: mainmatter/chapter2/import/OBB_sepaxis.png  used on in
put line 717.
(pdftex.def)             Requested size: 159.04819pt x 114.31512pt.


LaTeX Warning: `h' float specifier changed to `ht'.

[36]
LaTeX Font Info:    Try loading font information for T1+pcr on input line 749.
 (c:/texlive/2018/texmf-dist/tex/latex/psnfss/t1pcr.fd
File: t1pcr.fd 2001/06/04 font definitions for T1/pcr.
)
Package microtype Info: Loading generic protrusion settings for font family
(microtype)             `pcr' (encoding: T1).
(microtype)             For optimal results, create family-specific settings.
(microtype)             See the microtype manual for details.
LaTeX Font Info:    Font shape `T1/pcr/bx/n' in size <12> not available
(Font)              Font shape `T1/pcr/b/n' tried instead on input line 749.


LaTeX Warning: `h' float specifier changed to `ht'.


Overfull \hbox (6.63171pt too wide) in paragraph at lines 756--756
|[]\T1/phv/b/n/14.4 Gilbert-Jonhson-Keerthi Dis-tance Al-go-rithm| 
 []

[37 <./mainmatter/chapter2/import/OBB_sepaxis.png>] [38]
<mainmatter/chapter2/import/No_Collision.pdf, id=1269, 433.62pt x 289.08pt>
File: mainmatter/chapter2/import/No_Collision.pdf Graphic file (type pdf)
<use mainmatter/chapter2/import/No_Collision.pdf>
Package pdftex.def Info: mainmatter/chapter2/import/No_Collision.pdf  used on i
nput line 796.
(pdftex.def)             Requested size: 195.1272pt x 130.0848pt.
<mainmatter/chapter2/import/Collision.pdf, id=1270, 433.62pt x 289.08pt>
File: mainmatter/chapter2/import/Collision.pdf Graphic file (type pdf)
<use mainmatter/chapter2/import/Collision.pdf>
Package pdftex.def Info: mainmatter/chapter2/import/Collision.pdf  used on inpu
t line 801.
(pdftex.def)             Requested size: 195.1272pt x 130.0848pt.


LaTeX Warning: `h' float specifier changed to `ht'.

[39]
<mainmatter/chapter2/import/GJK_1.png, id=1284, 397.485pt x 340.8735pt>
File: mainmatter/chapter2/import/GJK_1.png Graphic file (type png)
<use mainmatter/chapter2/import/GJK_1.png>
Package pdftex.def Info: mainmatter/chapter2/import/GJK_1.png  used on input li
ne 820.
(pdftex.def)             Requested size: 110.96687pt x 95.16306pt.
<mainmatter/chapter2/import/GJK_2.png, id=1285, 397.485pt x 340.27126pt>
File: mainmatter/chapter2/import/GJK_2.png Graphic file (type png)
<use mainmatter/chapter2/import/GJK_2.png>
Package pdftex.def Info: mainmatter/chapter2/import/GJK_2.png  used on input li
ne 826.
(pdftex.def)             Requested size: 110.96687pt x 94.99492pt.
<mainmatter/chapter2/import/GJK_3.png, id=1286, 396.88275pt x 340.27126pt>
File: mainmatter/chapter2/import/GJK_3.png Graphic file (type png)
<use mainmatter/chapter2/import/GJK_3.png>
Package pdftex.def Info: mainmatter/chapter2/import/GJK_3.png  used on input li
ne 831.
(pdftex.def)             Requested size: 110.96687pt x 95.1351pt.
<mainmatter/chapter2/import/GJK_4.png, id=1287, 397.485pt x 340.27126pt>
File: mainmatter/chapter2/import/GJK_4.png Graphic file (type png)
<use mainmatter/chapter2/import/GJK_4.png>
Package pdftex.def Info: mainmatter/chapter2/import/GJK_4.png  used on input li
ne 837.
(pdftex.def)             Requested size: 110.96687pt x 94.99492pt.
 [40 <./mainmatter/chapter2/import/No_Collision.pdf> <./mainmatter/chapter2/imp
ort/Collision.pdf

pdfTeX warning: pdflatex.exe (file ./mainmatter/chapter2/import/Collision.pdf):
 PDF inclusion: multiple pdfs with page group included in a single page
>] [41 <./mainmatter/chapter2/import/GJK_1.png> <./mainmatter/chapter2/import/G
JK_2.png> <./mainmatter/chapter2/import/GJK_3.png> <./mainmatter/chapter2/impor
t/GJK_4.png>]
<mainmatter/chapter2/import/GJK_Ericson.png, id=1370, 719.0865pt x 415.5525pt>
File: mainmatter/chapter2/import/GJK_Ericson.png Graphic file (type png)
<use mainmatter/chapter2/import/GJK_Ericson.png>
Package pdftex.def Info: mainmatter/chapter2/import/GJK_Ericson.png  used on in
put line 880.
(pdftex.def)             Requested size: 203.43832pt x 117.565pt.
 [42] [43 <./mainmatter/chapter2/import/GJK_Ericson.png>]
Overfull \hbox (5.53227pt too wide) in paragraph at lines 943--945
\T1/ppl/m/n/12 (-20) where $[]$ refers to the point $\OT1/cmr/m/n/12 (\OML/cmm/
m/it/12 x; y; z\OT1/cmr/m/n/12 )[]$ \T1/ppl/m/n/12 (-20) and $\OT1/cmr/bx/n/12 
^^C[]$ \T1/ppl/m/n/12 (-20) the pa-ram-e-ters $\OML/cmm/m/it/12 a[]; a[]; a[]; 
^^O[]; ^^O[]$\T1/ppl/m/n/12 (-20) .
 []

<mainmatter/chapter2/import/SQ_ellipsoids.png, id=1395, 475.17525pt x 489.027pt
>
File: mainmatter/chapter2/import/SQ_ellipsoids.png Graphic file (type png)
<use mainmatter/chapter2/import/SQ_ellipsoids.png>
Package pdftex.def Info: mainmatter/chapter2/import/SQ_ellipsoids.png  used on 
input line 950.
(pdftex.def)             Requested size: 209.1314pt x 215.22476pt.

LaTeX Warning: `h' float specifier changed to `ht'.

[44] [45 <./mainmatter/chapter2/import/SQ_ellipsoids.png>] [46]
Overfull \hbox (41.25482pt too wide) detected at line 1066
[] \OT1/cmr/m/n/12 = [] \OML/cmm/m/it/12 :
 []

<mainmatter/chapter2/import/SQ_transrot.png, id=1446, 517.935pt x 495.0495pt>
File: mainmatter/chapter2/import/SQ_transrot.png Graphic file (type png)
<use mainmatter/chapter2/import/SQ_transrot.png>
Package pdftex.def Info: mainmatter/chapter2/import/SQ_transrot.png  used on in
put line 1073.
(pdftex.def)             Requested size: 209.1314pt x 199.88963pt.
[47]
<mainmatter/chapter2/import/SQ_tapered.png, id=1465, 317.988pt x 366.168pt>
File: mainmatter/chapter2/import/SQ_tapered.png Graphic file (type png)
<use mainmatter/chapter2/import/SQ_tapered.png>
Package pdftex.def Info: mainmatter/chapter2/import/SQ_tapered.png  used on inp
ut line 1093.
(pdftex.def)             Requested size: 89.62253pt x 103.2024pt.


LaTeX Warning: `h' float specifier changed to `ht'.

[48 <./mainmatter/chapter2/import/SQ_transrot.png>]
<mainmatter/chapter2/import/SQ_bent.png, id=1477, 294.50024pt x 307.1475pt>
File: mainmatter/chapter2/import/SQ_bent.png Graphic file (type png)
<use mainmatter/chapter2/import/SQ_bent.png>
Package pdftex.def Info: mainmatter/chapter2/import/SQ_bent.png  used on input 
line 1110.
(pdftex.def)             Requested size: 149.37697pt x 155.79955pt.


LaTeX Warning: `h' float specifier changed to `ht'.

[49 <./mainmatter/chapter2/import/SQ_tapered.png>]
<mainmatter/chapter2/import/SQ_twisted.png, id=1495, 413.1435pt x 292.6935pt>
File: mainmatter/chapter2/import/SQ_twisted.png Graphic file (type png)
<use mainmatter/chapter2/import/SQ_twisted.png>
Package pdftex.def Info: mainmatter/chapter2/import/SQ_twisted.png  used on inp
ut line 1146.
(pdftex.def)             Requested size: 147.95207pt x 104.81577pt.
<mainmatter/chapter2/import/SQ_bent_twisted_tapered.png, id=1496, 372.79276pt x
 361.35pt>
File: mainmatter/chapter2/import/SQ_bent_twisted_tapered.png Graphic file (type
 png)
<use mainmatter/chapter2/import/SQ_bent_twisted_tapered.png>
Package pdftex.def Info: mainmatter/chapter2/import/SQ_bent_twisted_tapered.png
  used on input line 1152.
(pdftex.def)             Requested size: 147.95207pt x 143.41263pt.
 [50 <./mainmatter/chapter2/import/SQ_bent.png>] [51 <./mainmatter/chapter2/imp
ort/SQ_twisted.png> <./mainmatter/chapter2/import/SQ_bent_twisted_tapered.png>]

Overfull \hbox (3.63988pt too wide) in paragraph at lines 1190--1191
[]\T1/ppl/m/n/12 (-20) As this is a non-lin-ear least squares min-i-miza-tion p
rob-lem, the Levenberg-
 []

) [52]
\openout2 = `method.aux'.

 (./mainmatter/chapter3/method.tex
Chapter 3.
[53



]
<mainmatter/chapter3/import/SQ_6DoF_Arm.png, id=1575, 975.04276pt x 436.63126pt
>
File: mainmatter/chapter3/import/SQ_6DoF_Arm.png Graphic file (type png)
<use mainmatter/chapter3/import/SQ_6DoF_Arm.png>
Package pdftex.def Info: mainmatter/chapter3/import/SQ_6DoF_Arm.png  used on in
put line 33.
(pdftex.def)             Requested size: 258.91895pt x 115.94658pt.


LaTeX Warning: `h' float specifier changed to `ht'.

[54]
<mainmatter/chapter3/import/SQ_ObsBox_Collision.png, id=1589, 560.0925pt x 463.
7325pt>
File: mainmatter/chapter3/import/SQ_ObsBox_Collision.png Graphic file (type png
)
<use mainmatter/chapter3/import/SQ_ObsBox_Collision.png>
Package pdftex.def Info: mainmatter/chapter3/import/SQ_ObsBox_Collision.png  us
ed on input line 63.
(pdftex.def)             Requested size: 110.96687pt x 91.8745pt.
<mainmatter/chapter3/import/SQ_ObsSphere_Collision.png, id=1590, 673.91776pt x 
510.708pt>
File: mainmatter/chapter3/import/SQ_ObsSphere_Collision.png Graphic file (type 
png)
<use mainmatter/chapter3/import/SQ_ObsSphere_Collision.png>
Package pdftex.def Info: mainmatter/chapter3/import/SQ_ObsSphere_Collision.png 
 used on input line 69.
(pdftex.def)             Requested size: 110.96687pt x 84.09174pt.
 [55 <./mainmatter/chapter3/import/SQ_6DoF_Arm.png>]
<mainmatter/chapter3/import/Se_Square.png, id=1599, 708.84825pt x 481.8pt>
File: mainmatter/chapter3/import/Se_Square.png Graphic file (type png)
<use mainmatter/chapter3/import/Se_Square.png>
Package pdftex.def Info: mainmatter/chapter3/import/Se_Square.png  used on inpu
t line 84.
(pdftex.def)             Requested size: 258.91895pt x 175.98418pt.
<mainmatter/chapter3/import/Se_Round.png, id=1600, 708.246pt x 481.19775pt>
File: mainmatter/chapter3/import/Se_Round.png Graphic file (type png)
<use mainmatter/chapter3/import/Se_Round.png>
Package pdftex.def Info: mainmatter/chapter3/import/Se_Round.png  used on input
 line 90.
(pdftex.def)             Requested size: 110.96687pt x 75.39255pt.
<mainmatter/chapter3/import/Se_Rhomb.png, id=1601, 708.84825pt x 483.0045pt>
File: mainmatter/chapter3/import/Se_Rhomb.png Graphic file (type png)
<use mainmatter/chapter3/import/Se_Rhomb.png>
Package pdftex.def Info: mainmatter/chapter3/import/Se_Rhomb.png  used on input
 line 96.
(pdftex.def)             Requested size: 110.96687pt x 75.60928pt.
<mainmatter/chapter3/import/Se_Concave.png, id=1602, 708.246pt x 481.19775pt>
File: mainmatter/chapter3/import/Se_Concave.png Graphic file (type png)
<use mainmatter/chapter3/import/Se_Concave.png>
Package pdftex.def Info: mainmatter/chapter3/import/Se_Concave.png  used on inp
ut line 102.
(pdftex.def)             Requested size: 110.96687pt x 75.39255pt.


LaTeX Warning: `!h' float specifier changed to `!ht'.

[56 <./mainmatter/chapter3/import/SQ_ObsBox_Collision.png> <./mainmatter/chapte
r3/import/SQ_ObsSphere_Collision.png>] [57 <./mainmatter/chapter3/import/Se_Squ
are.png> <./mainmatter/chapter3/import/Se_Round.png> <./mainmatter/chapter3/imp
ort/Se_Rhomb.png> <./mainmatter/chapter3/import/Se_Concave.png>] [58] [59]
<mainmatter/chapter3/import/GJK_TC1.png, id=1646, 661.87276pt x 480.5955pt>
File: mainmatter/chapter3/import/GJK_TC1.png Graphic file (type png)
<use mainmatter/chapter3/import/GJK_TC1.png>
Package pdftex.def Info: mainmatter/chapter3/import/GJK_TC1.png  used on input 
line 188.
(pdftex.def)             Requested size: 184.94292pt x 134.28716pt.


LaTeX Warning: `h' float specifier changed to `ht'.

<mainmatter/chapter3/import/GJK_CBA_triangle.png, id=1647, 448.67625pt x 405.91
65pt>
File: mainmatter/chapter3/import/GJK_CBA_triangle.png Graphic file (type png)
<use mainmatter/chapter3/import/GJK_CBA_triangle.png>
Package pdftex.def Info: mainmatter/chapter3/import/GJK_CBA_triangle.png  used 
on input line 197.
(pdftex.def)             Requested size: 110.96687pt x 100.38876pt.

LaTeX Warning: `h' float specifier changed to `ht'.

[60] [61 <./mainmatter/chapter3/import/GJK_TC1.png> <./mainmatter/chapter3/impo
rt/GJK_CBA_triangle.png>]
Overfull \hbox (9.71988pt too wide) in paragraph at lines 215--215
|[]\T1/phv/b/n/17.28 Simulation De-sign and Mea-sure-ments| 
 []

[62]) [63]
\openout2 = `results.aux'.

 (./mainmatter/chapter4/results.tex
Chapter 4.

Overfull \hbox (26.3432pt too wide) in paragraph at lines 7--7
|[]\T1/phv/b/n/17.28 Comparing Col-li-sion De-tec-tion Meth-ods| 
 []

[64



]
<mainmatter/chapter4//import/Test1_III.png, id=1711, 387.849pt x 384.2355pt>
File: mainmatter/chapter4//import/Test1_III.png Graphic file (type png)
<use mainmatter/chapter4//import/Test1_III.png>
Package pdftex.def Info: mainmatter/chapter4//import/Test1_III.png  used on inp
ut line 40.
(pdftex.def)             Requested size: 129.4623pt x 128.2521pt.
 [65 <./mainmatter/chapter4//import/Test1_III.png>]
<mainmatter/chapter4//import/Test2_VI.png, id=1729, 814.242pt x 83.71275pt>
File: mainmatter/chapter4//import/Test2_VI.png Graphic file (type png)
<use mainmatter/chapter4//import/Test2_VI.png>
Package pdftex.def Info: mainmatter/chapter4//import/Test2_VI.png  used on inpu
t line 74.
(pdftex.def)             Requested size: 295.90979pt x 30.42268pt.
<mainmatter/chapter4//import/Test2_maxIter.png, id=1732, 812.43526pt x 83.1105p
t>
File: mainmatter/chapter4//import/Test2_maxIter.png Graphic file (type png)
<use mainmatter/chapter4//import/Test2_maxIter.png>
Package pdftex.def Info: mainmatter/chapter4//import/Test2_maxIter.png  used on
 input line 81.
(pdftex.def)             Requested size: 295.90979pt x 30.27103pt.


LaTeX Warning: `h' float specifier changed to `ht'.

[66 <./mainmatter/chapter4//import/Test2_VI.png>]

LaTeX Warning: `h' float specifier changed to `ht'.

[67 <./mainmatter/chapter4//import/Test2_maxIter.png>]
Overfull \hbox (34.93916pt too wide) in paragraph at lines 221--240
 [][] 
 []


LaTeX Warning: `!h' float specifier changed to `!ht'.

<mainmatter/chapter4/import/RRT_6DOFSTART2.png, id=1763, 608.2725pt x 220.4235p
t>
File: mainmatter/chapter4/import/RRT_6DOFSTART2.png Graphic file (type png)
<use mainmatter/chapter4/import/RRT_6DOFSTART2.png>
Package pdftex.def Info: mainmatter/chapter4/import/RRT_6DOFSTART2.png  used on
 input line 276.
(pdftex.def)             Requested size: 110.96687pt x 40.20929pt.
<mainmatter/chapter4/import/RRT_6DOFGOAL2.png, id=1764, 619.71526pt x 192.11775
pt>
File: mainmatter/chapter4/import/RRT_6DOFGOAL2.png Graphic file (type png)
<use mainmatter/chapter4/import/RRT_6DOFGOAL2.png>
Package pdftex.def Info: mainmatter/chapter4/import/RRT_6DOFGOAL2.png  used on 
input line 282.
(pdftex.def)             Requested size: 110.96687pt x 34.40088pt.
<mainmatter/chapter4/import/RRT_6DOF_ex.png, id=1765, 708.246pt x 517.935pt>
File: mainmatter/chapter4/import/RRT_6DOF_ex.png Graphic file (type png)
<use mainmatter/chapter4/import/RRT_6DOF_ex.png>
Package pdftex.def Info: mainmatter/chapter4/import/RRT_6DOF_ex.png  used on in
put line 292.
(pdftex.def)             Requested size: 184.94292pt x 135.24474pt.

LaTeX Warning: `h' float specifier changed to `ht'.

) [68 <./mainmatter/chapter4/import/RRT_6DOFSTART2.png> <./mainmatter/chapter4/
import/RRT_6DOFGOAL2.png>] [69 <./mainmatter/chapter4/import/RRT_6DOF_ex.png>]
\openout2 = `discussion.aux'.


(./mainmatter/chapter5/discussion.tex
Chapter 5.
[70



]
<mainmatter/chapter5/import/SQ_Concave.png, id=1789, 379.4175pt x 198.14024pt>
File: mainmatter/chapter5/import/SQ_Concave.png Graphic file (type png)
<use mainmatter/chapter5/import/SQ_Concave.png>
Package pdftex.def Info: mainmatter/chapter5/import/SQ_Concave.png  used on inp
ut line 21.
(pdftex.def)             Requested size: 184.94292pt x 96.58162pt.
<mainmatter/chapter5/import/SQ_Toroid.png, id=1793, 474.573pt x 395.076pt>
File: mainmatter/chapter5/import/SQ_Toroid.png Graphic file (type png)
<use mainmatter/chapter5/import/SQ_Toroid.png>
Package pdftex.def Info: mainmatter/chapter5/import/SQ_Toroid.png  used on inpu
t line 30.
(pdftex.def)             Requested size: 129.4623pt x 107.77513pt.
 [71 <./mainmatter/chapter5/import/SQ_Concave.png> <./mainmatter/chapter5/impor
t/SQ_Toroid.png>] [72] [73]
Underfull \hbox (badness 1147) in paragraph at lines 81--81
|[]\T1/phv/b/n/14.4 Evaluation of the Com-pu-ta-tional Pro-cess-ing
 []

[74] [75] [76] [77] [78]) [79]
\openout2 = `backmatter.aux'.

 (./backmatter/backmatter.tex (./main.bbl
Underfull \hbox (badness 1466) in paragraph at lines 9--15
[]\T1/ppl/m/n/12 (+20) Baris Ak-gun and Mike Stil-man.  Sam-pling Heuris-tics f
or Op-
 []


Underfull \hbox (badness 2951) in paragraph at lines 9--15
\T1/ppl/m/n/12 (+20) ti-mal Mo-tion Plan-ning in High Di-men-sions.  \T1/ppl/m/
it/12 (+20) IEEE/RSJ In-
 []


Underfull \hbox (badness 1859) in paragraph at lines 9--15
\T1/ppl/m/it/12 (+20) ter-na-tional Con-fer-ence on In-tel-li-gent Robots and S
ys-tems (IROS)\T1/ppl/m/n/12 (+20) ,
 []


Underfull \hbox (badness 1895) in paragraph at lines 17--22
[]\T1/ppl/m/n/12 (+20) E. Ap-ple-ton and D. J. Williams.  \T1/ppl/m/it/12 (+20)
 In-dus-trial Robot Ap-pli-ca-tions\T1/ppl/m/n/12 (+20) .
 []

[80



] [81]
LaTeX Font Info:    Try loading font information for OMS+ppl on input line 168.

 (c:/texlive/2018/texmf-dist/tex/latex/psnfss/omsppl.fd
File: omsppl.fd 
)
LaTeX Font Info:    Font shape `OMS/ppl/m/n' in size <12> not available
(Font)              Font shape `OMS/cmsy/m/n' tried instead on input line 168.
 [82]
Underfull \hbox (badness 1817) in paragraph at lines 213--219
\T1/ppl/m/n/12 (+20) Me-dia Dor-drecht, 2000.  ISBN 978-90-481-5574-3.  doi: $1
0 .
 []

[83] [84] [85] [86] [87]) [88])
File: preamble/kth-cover.pdf Graphic file (type pdf)
<use preamble/kth-cover.pdf>
Package pdftex.def Info: preamble/kth-cover.pdf  used on input line 77.
(pdftex.def)             Requested size: 597.51086pt x 845.03497pt.
File: preamble/kth-cover.pdf Graphic file (type pdf)
<use preamble/kth-cover.pdf>
Package pdftex.def Info: preamble/kth-cover.pdf  used on input line 77.
(pdftex.def)             Requested size: 597.51086pt x 845.03497pt.
<preamble/kth-cover.pdf, id=2005, page=2, 597.51233pt x 845.03705pt>
File: preamble/kth-cover.pdf Graphic file (type pdf)
<use preamble/kth-cover.pdf, page 2>
Package pdftex.def Info: preamble/kth-cover.pdf , page2 used on input line 77.
(pdftex.def)             Requested size: 597.51086pt x 845.03497pt.
File: preamble/kth-cover.pdf Graphic file (type pdf)
<use preamble/kth-cover.pdf, page 2>
Package pdftex.def Info: preamble/kth-cover.pdf , page2 used on input line 77.
(pdftex.def)             Requested size: 597.53821pt x 845.07365pt.
 [89


]
File: preamble/kth-cover.pdf Graphic file (type pdf)
<use preamble/kth-cover.pdf, page 2>
Package pdftex.def Info: preamble/kth-cover.pdf , page2 used on input line 77.
(pdftex.def)             Requested size: 597.53821pt x 845.07365pt.
File: preamble/kth-cover.pdf Graphic file (type pdf)
<use preamble/kth-cover.pdf, page 2>
Package pdftex.def Info: preamble/kth-cover.pdf , page2 used on input line 77.
(pdftex.def)             Requested size: 597.53821pt x 845.07365pt.
File: preamble/kth-cover.pdf Graphic file (type pdf)
<use preamble/kth-cover.pdf, page 2>
Package pdftex.def Info: preamble/kth-cover.pdf , page2 used on input line 77.
(pdftex.def)             Requested size: 597.53821pt x 845.07365pt.
 [90 <./preamble/kth-cover.pdf>]
Package atveryend Info: Empty hook `BeforeClearDocument' on input line 79.
Package atveryend Info: Empty hook `AfterLastShipout' on input line 79.

(./main.aux (./frontmatter.aux) (./introduction.aux)
(./theoreticalframework.aux) (./method.aux) (./results.aux) (./discussion.aux)
(./backmatter.aux))
Package atveryend Info: Executing hook `AtVeryEndDocument' on input line 79.
Package atveryend Info: Executing hook `AtEndAfterFileList' on input line 79.
Package rerunfilecheck Info: File `main.out' has not changed.
(rerunfilecheck)             Checksum: 4F1F6B2A8609C37E99A3461CE49AFC1D;3380.
 ) 
Here is how much of TeX's memory you used:
 47536 strings out of 492616
 1035243 string characters out of 6132769
 1480271 words of memory out of 5000000
 49718 multiletter control sequences out of 15000+600000
 67863 words of font info for 251 fonts, out of 8000000 for 9000
 1141 hyphenation exceptions out of 8191
 80i,18n,136p,2015b,3059s stack positions out of 5000i,500n,10000p,200000b,80000s
{c:/texlive/2018/texmf-dist/fonts/enc/dvips/base/8r.enc}<c:/texlive/2018/texm
f-dist/fonts/type1/public/amsfonts/cm/cmbx12.pfb><c:/texlive/2018/texmf-dist/fo
nts/type1/public/amsfonts/cm/cmex10.pfb><c:/texlive/2018/texmf-dist/fonts/type1
/public/amsfonts/cmextra/cmex8.pfb><c:/texlive/2018/texmf-dist/fonts/type1/publ
ic/amsfonts/cm/cmmi10.pfb><c:/texlive/2018/texmf-dist/fonts/type1/public/amsfon
ts/cm/cmmi12.pfb><c:/texlive/2018/texmf-dist/fonts/type1/public/amsfonts/cm/cmm
i6.pfb><c:/texlive/2018/texmf-dist/fonts/type1/public/amsfonts/cm/cmmi7.pfb><c:
/texlive/2018/texmf-dist/fonts/type1/public/amsfonts/cm/cmmi8.pfb><c:/texlive/2
018/texmf-dist/fonts/type1/public/amsfonts/cm/cmr10.pfb><c:/texlive/2018/texmf-
dist/fonts/type1/public/amsfonts/cm/cmr12.pfb><c:/texlive/2018/texmf-dist/fonts
/type1/public/amsfonts/cm/cmr5.pfb><c:/texlive/2018/texmf-dist/fonts/type1/publ
ic/amsfonts/cm/cmr6.pfb><c:/texlive/2018/texmf-dist/fonts/type1/public/amsfonts
/cm/cmr8.pfb><c:/texlive/2018/texmf-dist/fonts/type1/public/amsfonts/cm/cmsy10.
pfb><c:/texlive/2018/texmf-dist/fonts/type1/public/amsfonts/cm/cmsy6.pfb><c:/te
xlive/2018/texmf-dist/fonts/type1/public/amsfonts/cm/cmsy8.pfb><c:/texlive/2018
/texmf-dist/fonts/type1/public/amsfonts/symbols/msbm10.pfb><c:/texlive/2018/tex
mf-dist/fonts/type1/urw/courier/ucrb8a.pfb><c:/texlive/2018/texmf-dist/fonts/ty
pe1/urw/courier/ucrr8a.pfb><c:/texlive/2018/texmf-dist/fonts/type1/urw/helvetic
/uhvb8a.pfb><c:/texlive/2018/texmf-dist/fonts/type1/urw/helvetic/uhvr8a.pfb><c:
/texlive/2018/texmf-dist/fonts/type1/urw/helvetic/uhvro8a.pfb><c:/texlive/2018/
texmf-dist/fonts/type1/urw/palatino/uplb8a.pfb><c:/texlive/2018/texmf-dist/font
s/type1/urw/palatino/uplbi8a.pfb><c:/texlive/2018/texmf-dist/fonts/type1/urw/pa
latino/uplr8a.pfb><c:/texlive/2018/texmf-dist/fonts/type1/urw/palatino/uplri8a.
pfb>
Output written on main.pdf (106 pages, 5178951 bytes).
PDF statistics:
 2187 PDF objects out of 2487 (max. 8388607)
 1945 compressed objects within 20 object streams
 442 named destinations out of 1000 (max. 500000)
 43166 words of extra memory for PDF output out of 51595 (max. 10000000)

