This is pdfTeX, Version 3.14159265-2.6-1.40.19 (TeX Live 2018/W32TeX) (preloaded format=pdflatex 2019.2.4)  15 APR 2019 12:24
entering extended mode
 restricted \write18 enabled.
 %&-line parsing enabled.
**frontmatter.tex
(./frontmatter.tex
LaTeX2e <2018-12-01>
! Undefined control sequence.
l.4 \titlepage
              
The control sequence at the end of the top line
of your error message was never \def'ed. If you have
misspelled it (e.g., `\hobx'), type `I' and the correct
spelling (e.g., `I\hbox'). Otherwise just continue,
and I'll forget about whatever was undefined.

(./abstract.tex
! Undefined control sequence.
l.25 \includepdf
                [pages=-]{KTHAbstract}
The control sequence at the end of the top line
of your error message was never \def'ed. If you have
misspelled it (e.g., `\hobx'), type `I' and the correct
spelling (e.g., `I\hbox'). Otherwise just continue,
and I'll forget about whatever was undefined.


! LaTeX Error: Missing \begin{document}.

See the LaTeX manual or LaTeX Companion for explanation.
Type  H <return>  for immediate help.
 ...                                              
                                                  
l.25 \includepdf[
                 pages=-]{KTHAbstract}
You're in trouble here.  Try typing  <return>  to proceed.
If that doesn't work, type  X <return>  to quit.

Missing character: There is no [ in font nullfont!
Missing character: There is no p in font nullfont!
Missing character: There is no a in font nullfont!
Missing character: There is no g in font nullfont!
Missing character: There is no e in font nullfont!
Missing character: There is no s in font nullfont!
Missing character: There is no = in font nullfont!
Missing character: There is no - in font nullfont!
Missing character: There is no ] in font nullfont!
Missing character: There is no K in font nullfont!
Missing character: There is no T in font nullfont!
Missing character: There is no H in font nullfont!
Missing character: There is no A in font nullfont!
Missing character: There is no b in font nullfont!
Missing character: There is no s in font nullfont!
Missing character: There is no t in font nullfont!
Missing character: There is no r in font nullfont!
Missing character: There is no a in font nullfont!
Missing character: There is no c in font nullfont!
Missing character: There is no t in font nullfont!
)
Overfull \hbox (20.0pt too wide) in paragraph at lines 25--10
[]
 []

(./acknowledgement.tex
! Undefined control sequence.
l.4 		\section
              *{Acknowledgements}
The control sequence at the end of the top line
of your error message was never \def'ed. If you have
misspelled it (e.g., `\hobx'), type `I' and the correct
spelling (e.g., `I\hbox'). Otherwise just continue,
and I'll forget about whatever was undefined.


! LaTeX Error: Missing \begin{document}.

See the LaTeX manual or LaTeX Companion for explanation.
Type  H <return>  for immediate help.
 ...                                              
                                                  
l.4 		\section*
               {Acknowledgements}
You're in trouble here.  Try typing  <return>  to proceed.
If that doesn't work, type  X <return>  to quit.

Missing character: There is no * in font nullfont!
Missing character: There is no A in font nullfont!
Missing character: There is no c in font nullfont!
Missing character: There is no k in font nullfont!
Missing character: There is no n in font nullfont!
Missing character: There is no o in font nullfont!
Missing character: There is no w in font nullfont!
Missing character: There is no l in font nullfont!
Missing character: There is no e in font nullfont!
Missing character: There is no d in font nullfont!
Missing character: There is no g in font nullfont!
Missing character: There is no e in font nullfont!
Missing character: There is no m in font nullfont!
Missing character: There is no e in font nullfont!
Missing character: There is no n in font nullfont!
Missing character: There is no t in font nullfont!
Missing character: There is no s in font nullfont!

Overfull \hbox (20.0pt too wide) in paragraph at lines 4--6
[]
 []


! LaTeX Error: Environment quote undefined.

See the LaTeX manual or LaTeX Companion for explanation.
Type  H <return>  for immediate help.
 ...                                              
                                                  
l.7 	\begin{quote}
                  \itshape%
Your command was ignored.
Type  I <command> <return>  to replace it with another command,
or  <return>  to continue without it.


! LaTeX Error: Missing \begin{document}.

See the LaTeX manual or LaTeX Companion for explanation.
Type  H <return>  for immediate help.
 ...                                              
                                                  
l.9 		T
       o my family, and my mother in particular, thank you for everything yo...

You're in trouble here.  Try typing  <return>  to proceed.
If that doesn't work, type  X <return>  to quit.


Overfull \hbox (31.49992pt too wide) in paragraph at lines 9--10
[]\OT1/cmr/m/it/10 To
 []


Overfull \hbox (13.03325pt too wide) in paragraph at lines 9--10
\OT1/cmr/m/it/10 my
 []


Overfull \hbox (19.93321pt too wide) in paragraph at lines 9--10
\OT1/cmr/m/it/10 fam-
 []


Overfull \hbox (13.54436pt too wide) in paragraph at lines 9--10
\OT1/cmr/m/it/10 ily,
 []


Overfull \hbox (15.84436pt too wide) in paragraph at lines 9--10
\OT1/cmr/m/it/10 and
 []


Overfull \hbox (13.03325pt too wide) in paragraph at lines 9--10
\OT1/cmr/m/it/10 my
 []


Overfull \hbox (30.53868pt too wide) in paragraph at lines 9--10
\OT1/cmr/m/it/10 mother
 []


Overfull \hbox (8.68884pt too wide) in paragraph at lines 9--10
\OT1/cmr/m/it/10 in
 []


Overfull \hbox (17.50542pt too wide) in paragraph at lines 9--10
\OT1/cmr/m/it/10 par-
 []


Overfull \hbox (14.56654pt too wide) in paragraph at lines 9--10
\OT1/cmr/m/it/10 tic-
 []


Overfull \hbox (8.94438pt too wide) in paragraph at lines 9--10
\OT1/cmr/m/it/10 u-
 []


Overfull \hbox (14.9499pt too wide) in paragraph at lines 9--10
\OT1/cmr/m/it/10 lar,
 []


Overfull \hbox (23.76651pt too wide) in paragraph at lines 9--10
\OT1/cmr/m/it/10 thank
 []


Overfull \hbox (15.33324pt too wide) in paragraph at lines 9--10
\OT1/cmr/m/it/10 you
 []


Overfull \hbox (12.39436pt too wide) in paragraph at lines 9--10
\OT1/cmr/m/it/10 for
 []


Overfull \hbox (12.77766pt too wide) in paragraph at lines 9--10
\OT1/cmr/m/it/10 ev-
 []


Overfull \hbox (17.24985pt too wide) in paragraph at lines 9--10
\OT1/cmr/m/it/10 ery-
 []


Overfull \hbox (21.72208pt too wide) in paragraph at lines 9--10
\OT1/cmr/m/it/10 thing
 []


Overfull \hbox (15.33324pt too wide) in paragraph at lines 9--10
\OT1/cmr/m/it/10 you
 []


Overfull \hbox (19.42209pt too wide) in paragraph at lines 9--10
\OT1/cmr/m/it/10 have
 []


Overfull \hbox (20.44432pt too wide) in paragraph at lines 9--10
\OT1/cmr/m/it/10 done
 []


Overfull \hbox (12.39436pt too wide) in paragraph at lines 9--10
\OT1/cmr/m/it/10 for
 []


Overfull \hbox (15.84435pt too wide) in paragraph at lines 9--10
\OT1/cmr/m/it/10 me.
 []


Overfull \hbox (3.85553pt too wide) in paragraph at lines 9--10
\OT1/cmr/m/it/10 I
 []


Overfull \hbox (17.88875pt too wide) in paragraph at lines 9--10
\OT1/cmr/m/it/10 ded-
 []


Overfull \hbox (6.6444pt too wide) in paragraph at lines 9--10
\OT1/cmr/m/it/10 i-
 []


Overfull \hbox (17.12207pt too wide) in paragraph at lines 9--10
\OT1/cmr/m/it/10 cate
 []


Overfull \hbox (15.58879pt too wide) in paragraph at lines 9--10
\OT1/cmr/m/it/10 this
 []


Overfull \hbox (16.61098pt too wide) in paragraph at lines 9--10
\OT1/cmr/m/it/10 the-
 []


Overfull \hbox (11.24438pt too wide) in paragraph at lines 9--10
\OT1/cmr/m/it/10 sis
 []


Overfull \hbox (8.43327pt too wide) in paragraph at lines 9--10
\OT1/cmr/m/it/10 to
 []


Overfull \hbox (18.39989pt too wide) in paragraph at lines 9--10
\OT1/cmr/m/it/10 you. 
 []


! LaTeX Error: Missing \begin{document}.

See the LaTeX manual or LaTeX Companion for explanation.
Type  H <return>  for immediate help.
 ...                                              
                                                  
l.11 		T
        o my friends, many of whom I met at KTH, thank you for sharing this ...

You're in trouble here.  Try typing  <return>  to proceed.
If that doesn't work, type  X <return>  to quit.


Overfull \hbox (31.49992pt too wide) in paragraph at lines 11--12
[]\OT1/cmr/m/it/10 To
 []


Overfull \hbox (13.03325pt too wide) in paragraph at lines 11--12
\OT1/cmr/m/it/10 my
 []


Overfull \hbox (32.83868pt too wide) in paragraph at lines 11--12
\OT1/cmr/m/it/10 friends,
 []


Overfull \hbox (23.76653pt too wide) in paragraph at lines 11--12
\OT1/cmr/m/it/10 many
 []


Overfull \hbox (8.17773pt too wide) in paragraph at lines 11--12
\OT1/cmr/m/it/10 of
 []


Overfull \hbox (25.04431pt too wide) in paragraph at lines 11--12
\OT1/cmr/m/it/10 whom
 []


Overfull \hbox (3.85553pt too wide) in paragraph at lines 11--12
\OT1/cmr/m/it/10 I
 []


Overfull \hbox (16.09988pt too wide) in paragraph at lines 11--12
\OT1/cmr/m/it/10 met
 []


Overfull \hbox (8.43327pt too wide) in paragraph at lines 11--12
\OT1/cmr/m/it/10 at
 []


Overfull \hbox (25.34428pt too wide) in paragraph at lines 11--12
\OT1/cmr/m/it/10 KTH,
 []


Overfull \hbox (23.76651pt too wide) in paragraph at lines 11--12
\OT1/cmr/m/it/10 thank
 []


Overfull \hbox (15.33324pt too wide) in paragraph at lines 11--12
\OT1/cmr/m/it/10 you
 []


Overfull \hbox (12.39436pt too wide) in paragraph at lines 11--12
\OT1/cmr/m/it/10 for
 []


Overfull \hbox (22.10541pt too wide) in paragraph at lines 11--12
\OT1/cmr/m/it/10 shar-
 []


Overfull \hbox (13.2888pt too wide) in paragraph at lines 11--12
\OT1/cmr/m/it/10 ing
 []


Overfull \hbox (15.58879pt too wide) in paragraph at lines 11--12
\OT1/cmr/m/it/10 this
 []


Overfull \hbox (20.95543pt too wide) in paragraph at lines 11--12
\OT1/cmr/m/it/10 won-
 []


Overfull \hbox (17.50542pt too wide) in paragraph at lines 11--12
\OT1/cmr/m/it/10 der-
 []


Overfull \hbox (10.98883pt too wide) in paragraph at lines 11--12
\OT1/cmr/m/it/10 ful
 []


Overfull \hbox (18.91101pt too wide) in paragraph at lines 11--12
\OT1/cmr/m/it/10 and,
 []


Overfull \hbox (8.43327pt too wide) in paragraph at lines 11--12
\OT1/cmr/m/it/10 at
 []


Overfull \hbox (26.32205pt too wide) in paragraph at lines 11--12
\OT1/cmr/m/it/10 times,
 []


Overfull \hbox (12.90546pt too wide) in paragraph at lines 11--12
\OT1/cmr/m/it/10 ar-
 []


Overfull \hbox (14.05547pt too wide) in paragraph at lines 11--12
\OT1/cmr/m/it/10 du-
 []


Overfull \hbox (14.56659pt too wide) in paragraph at lines 11--12
\OT1/cmr/m/it/10 ous
 []


Overfull \hbox (12.81657pt too wide) in paragraph at lines 11--12
\OT1/cmr/m/it/10 ex-
 []


Overfull \hbox (12.77766pt too wide) in paragraph at lines 11--12
\OT1/cmr/m/it/10 pe-
 []


Overfull \hbox (10.86102pt too wide) in paragraph at lines 11--12
\OT1/cmr/m/it/10 ri-
 []


Overfull \hbox (21.9776pt too wide) in paragraph at lines 11--12
\OT1/cmr/m/it/10 ence. 
 []


! LaTeX Error: Missing \begin{document}.

See the LaTeX manual or LaTeX Companion for explanation.
Type  H <return>  for immediate help.
 ...                                              
                                                  
l.14 		T
        o my supervisor Pouya Mahdavipour Vahdati, thank you for ... and for...

You're in trouble here.  Try typing  <return>  to proceed.
If that doesn't work, type  X <return>  to quit.


Overfull \hbox (31.49992pt too wide) in paragraph at lines 14--15
[]\OT1/cmr/m/it/10 To
 []


Overfull \hbox (13.03325pt too wide) in paragraph at lines 14--15
\OT1/cmr/m/it/10 my
 []


Overfull \hbox (13.03325pt too wide) in paragraph at lines 14--15
\OT1/cmr/m/it/10 su-
 []


Overfull \hbox (16.9943pt too wide) in paragraph at lines 14--15
\OT1/cmr/m/it/10 per-
 []


Overfull \hbox (11.24435pt too wide) in paragraph at lines 14--15
\OT1/cmr/m/it/10 vi-
 []


Overfull \hbox (13.41658pt too wide) in paragraph at lines 14--15
\OT1/cmr/m/it/10 sor
 []


Overfull \hbox (27.22762pt too wide) in paragraph at lines 14--15
\OT1/cmr/m/it/10 Pouya
 []


Overfull \hbox (22.76653pt too wide) in paragraph at lines 14--15
\OT1/cmr/m/it/10 Mah-
 []


Overfull \hbox (37.18309pt too wide) in paragraph at lines 14--15
\OT1/cmr/m/it/10 davipour
 []


Overfull \hbox (20.46654pt too wide) in paragraph at lines 14--15
\OT1/cmr/m/it/10 Vah-
 []


Overfull \hbox (19.67766pt too wide) in paragraph at lines 14--15
\OT1/cmr/m/it/10 dati,
 []


Overfull \hbox (23.76651pt too wide) in paragraph at lines 14--15
\OT1/cmr/m/it/10 thank
 []


Overfull \hbox (15.33324pt too wide) in paragraph at lines 14--15
\OT1/cmr/m/it/10 you
 []


Overfull \hbox (12.39436pt too wide) in paragraph at lines 14--15
\OT1/cmr/m/it/10 for
 []


Overfull \hbox (9.19995pt too wide) in paragraph at lines 14--15
\OT1/cmr/m/it/10 ...
 []


Overfull \hbox (15.84436pt too wide) in paragraph at lines 14--15
\OT1/cmr/m/it/10 and
 []


Overfull \hbox (12.39436pt too wide) in paragraph at lines 14--15
\OT1/cmr/m/it/10 for
 []


Overfull \hbox (17.50542pt too wide) in paragraph at lines 14--15
\OT1/cmr/m/it/10 pro-
 []


Overfull \hbox (16.35544pt too wide) in paragraph at lines 14--15
\OT1/cmr/m/it/10 vid-
 []


Overfull \hbox (13.2888pt too wide) in paragraph at lines 14--15
\OT1/cmr/m/it/10 ing
 []


Overfull \hbox (9.19995pt too wide) in paragraph at lines 14--15
\OT1/cmr/m/it/10 ...
 []


Overfull \hbox (3.06665pt too wide) in paragraph at lines 14--15
\OT1/cmr/m/it/10 .
 []


Overfull \hbox (11.49992pt too wide) in paragraph at lines 14--15
\OT1/cmr/m/it/10 To
 []


Overfull \hbox (15.72765pt too wide) in paragraph at lines 14--15
\OT1/cmr/m/it/10 De-
 []


Overfull \hbox (13.68324pt too wide) in paragraph at lines 14--15
\OT1/cmr/m/it/10 Jiu
 []


Overfull \hbox (22.48874pt too wide) in paragraph at lines 14--15
\OT1/cmr/m/it/10 Chen
 []


Overfull \hbox (15.84436pt too wide) in paragraph at lines 14--15
\OT1/cmr/m/it/10 and
 []


Overfull \hbox (30.54973pt too wide) in paragraph at lines 14--15
\OT1/cmr/m/it/10 Fredrik
 []


Overfull \hbox (15.0999pt too wide) in paragraph at lines 14--15
\OT1/cmr/m/it/10 As-
 []


Overfull \hbox (26.83319pt too wide) in paragraph at lines 14--15
\OT1/cmr/m/it/10 plund,
 []


Overfull \hbox (13.03325pt too wide) in paragraph at lines 14--15
\OT1/cmr/m/it/10 my
 []


Overfull \hbox (12.81657pt too wide) in paragraph at lines 14--15
\OT1/cmr/m/it/10 ex-
 []


Overfull \hbox (16.86656pt too wide) in paragraph at lines 14--15
\OT1/cmr/m/it/10 am-
 []


Overfull \hbox (17.50543pt too wide) in paragraph at lines 14--15
\OT1/cmr/m/it/10 iner
 []


Overfull \hbox (15.84436pt too wide) in paragraph at lines 14--15
\OT1/cmr/m/it/10 and
 []


Overfull \hbox (27.47202pt too wide) in paragraph at lines 14--15
\OT1/cmr/m/it/10 course
 []


Overfull \hbox (25.68314pt too wide) in paragraph at lines 14--15
\OT1/cmr/m/it/10 leader
 []


Overfull \hbox (11.88321pt too wide) in paragraph at lines 14--15
\OT1/cmr/m/it/10 re-
 []


Overfull \hbox (20.95537pt too wide) in paragraph at lines 14--15
\OT1/cmr/m/it/10 spec-
 []


Overfull \hbox (26.06647pt too wide) in paragraph at lines 14--15
\OT1/cmr/m/it/10 tively,
 []


Overfull \hbox (23.76651pt too wide) in paragraph at lines 14--15
\OT1/cmr/m/it/10 thank
 []


Overfull \hbox (15.33324pt too wide) in paragraph at lines 14--15
\OT1/cmr/m/it/10 you
 []


Overfull \hbox (12.39436pt too wide) in paragraph at lines 14--15
\OT1/cmr/m/it/10 for
 []


Overfull \hbox (21.46652pt too wide) in paragraph at lines 14--15
\OT1/cmr/m/it/10 mak-
 []


Overfull \hbox (13.2888pt too wide) in paragraph at lines 14--15
\OT1/cmr/m/it/10 ing
 []


Overfull \hbox (17.76097pt too wide) in paragraph at lines 14--15
\OT1/cmr/m/it/10 sure
 []


Overfull \hbox (16.86655pt too wide) in paragraph at lines 14--15
\OT1/cmr/m/it/10 that
 []


Overfull \hbox (15.58879pt too wide) in paragraph at lines 14--15
\OT1/cmr/m/it/10 this
 []


Overfull \hbox (16.61098pt too wide) in paragraph at lines 14--15
\OT1/cmr/m/it/10 the-
 []


Overfull \hbox (11.24438pt too wide) in paragraph at lines 14--15
\OT1/cmr/m/it/10 sis
 []


Overfull \hbox (22.23318pt too wide) in paragraph at lines 14--15
\OT1/cmr/m/it/10 could
 []


Overfull \hbox (20.06096pt too wide) in paragraph at lines 14--15
\OT1/cmr/m/it/10 start
 []


Overfull \hbox (11.24437pt too wide) in paragraph at lines 14--15
\OT1/cmr/m/it/10 off
 []


Overfull \hbox (8.68884pt too wide) in paragraph at lines 14--15
\OT1/cmr/m/it/10 in
 []


Overfull \hbox (13.03323pt too wide) in paragraph at lines 14--15
\OT1/cmr/m/it/10 the
 []


Overfull \hbox (20.31651pt too wide) in paragraph at lines 14--15
\OT1/cmr/m/it/10 right
 []


Overfull \hbox (11.75548pt too wide) in paragraph at lines 14--15
\OT1/cmr/m/it/10 di-
 []


Overfull \hbox (15.97205pt too wide) in paragraph at lines 14--15
\OT1/cmr/m/it/10 rec-
 []


Overfull \hbox (20.18877pt too wide) in paragraph at lines 14--15
\OT1/cmr/m/it/10 tion. 
 []


! LaTeX Error: The font size command \normalsize is not defined:
               there is probably something wrong with the class file.

See the LaTeX manual or LaTeX Companion for explanation.
Type  H <return>  for immediate help.
 ...                                              
                                                  
l.15 		
       
Your command was ignored.
Type  I <command> <return>  to replace it with another command,
or  <return>  to continue without it.

[1
! Undefined control sequence.
<write> ...ne {chapter}{Acknowledgments}{\thepage 
                                                  }\protected@file@percent }
l.15 		
       
The control sequence at the end of the top line
of your error message was never \def'ed. If you have
misspelled it (e.g., `\hobx'), type `I' and the correct
spelling (e.g., `I\hbox'). Otherwise just continue,
and I'll forget about whatever was undefined.

\@writefile{toc}{\contentsline {chapter}{Acknowledgments}{}\protected@file@perc
ent }
{c:/texlive/2018/texmf-var/fonts/map/pdftex/updmap/pdftex.map}]

! LaTeX Error: Missing \begin{document}.

See the LaTeX manual or LaTeX Companion for explanation.
Type  H <return>  for immediate help.
 ...                                              
                                                  
l.17 		F
        inally, to everyone at Tritech, thank you for being so welcoming. Th...

You're in trouble here.  Try typing  <return>  to proceed.
If that doesn't work, type  X <return>  to quit.


Overfull \hbox (53.87201pt too wide) in paragraph at lines 17--18
[]\OT1/cmr/m/it/10 Finally,
 []


Overfull \hbox (8.43327pt too wide) in paragraph at lines 17--18
\OT1/cmr/m/it/10 to
 []


Overfull \hbox (12.77766pt too wide) in paragraph at lines 17--18
\OT1/cmr/m/it/10 ev-
 []


Overfull \hbox (17.24985pt too wide) in paragraph at lines 17--18
\OT1/cmr/m/it/10 ery-
 []


Overfull \hbox (15.33324pt too wide) in paragraph at lines 17--18
\OT1/cmr/m/it/10 one
 []


Overfull \hbox (8.43327pt too wide) in paragraph at lines 17--18
\OT1/cmr/m/it/10 at
 []


Overfull \hbox (33.86084pt too wide) in paragraph at lines 17--18
\OT1/cmr/m/it/10 Tritech,
 []


Overfull \hbox (23.76651pt too wide) in paragraph at lines 17--18
\OT1/cmr/m/it/10 thank
 []


Overfull \hbox (15.33324pt too wide) in paragraph at lines 17--18
\OT1/cmr/m/it/10 you
 []


Overfull \hbox (12.39436pt too wide) in paragraph at lines 17--18
\OT1/cmr/m/it/10 for
 []


Overfull \hbox (12.26654pt too wide) in paragraph at lines 17--18
\OT1/cmr/m/it/10 be-
 []


Overfull \hbox (13.2888pt too wide) in paragraph at lines 17--18
\OT1/cmr/m/it/10 ing
 []


Overfull \hbox (9.19995pt too wide) in paragraph at lines 17--18
\OT1/cmr/m/it/10 so
 []


Overfull \hbox (17.37766pt too wide) in paragraph at lines 17--18
\OT1/cmr/m/it/10 wel-
 []


Overfull \hbox (20.9554pt too wide) in paragraph at lines 17--18
\OT1/cmr/m/it/10 com-
 []


Overfull \hbox (16.35545pt too wide) in paragraph at lines 17--18
\OT1/cmr/m/it/10 ing.
 []


Overfull \hbox (27.59982pt too wide) in paragraph at lines 17--18
\OT1/cmr/m/it/10 Thank
 []


Overfull \hbox (15.33324pt too wide) in paragraph at lines 17--18
\OT1/cmr/m/it/10 you
 []


Overfull \hbox (33.23308pt too wide) in paragraph at lines 17--18
\OT1/cmr/m/it/10 Rickard
 []


Overfull \hbox (28.11092pt too wide) in paragraph at lines 17--18
\OT1/cmr/m/it/10 Svens-
 []


Overfull \hbox (14.82214pt too wide) in paragraph at lines 17--18
\OT1/cmr/m/it/10 son
 []


Overfull \hbox (12.39436pt too wide) in paragraph at lines 17--18
\OT1/cmr/m/it/10 for
 []


Overfull \hbox (12.26654pt too wide) in paragraph at lines 17--18
\OT1/cmr/m/it/10 be-
 []


Overfull \hbox (13.2888pt too wide) in paragraph at lines 17--18
\OT1/cmr/m/it/10 ing
 []


Overfull \hbox (13.03325pt too wide) in paragraph at lines 17--18
\OT1/cmr/m/it/10 my
 []


Overfull \hbox (20.9554pt too wide) in paragraph at lines 17--18
\OT1/cmr/m/it/10 com-
 []


Overfull \hbox (20.18875pt too wide) in paragraph at lines 17--18
\OT1/cmr/m/it/10 pany
 []


Overfull \hbox (13.03325pt too wide) in paragraph at lines 17--18
\OT1/cmr/m/it/10 su-
 []


Overfull \hbox (16.9943pt too wide) in paragraph at lines 17--18
\OT1/cmr/m/it/10 per-
 []


Overfull \hbox (11.24435pt too wide) in paragraph at lines 17--18
\OT1/cmr/m/it/10 vi-
 []


Overfull \hbox (13.41658pt too wide) in paragraph at lines 17--18
\OT1/cmr/m/it/10 sor
 []


Overfull \hbox (15.84436pt too wide) in paragraph at lines 17--18
\OT1/cmr/m/it/10 and
 []


Overfull \hbox (13.79991pt too wide) in paragraph at lines 17--18
\OT1/cmr/m/it/10 do-
 []


Overfull \hbox (13.2888pt too wide) in paragraph at lines 17--18
\OT1/cmr/m/it/10 ing
 []


Overfull \hbox (5.11108pt too wide) in paragraph at lines 17--18
\OT1/cmr/m/it/10 a
 []


Overfull \hbox (20.95543pt too wide) in paragraph at lines 17--18
\OT1/cmr/m/it/10 won-
 []


Overfull \hbox (17.50542pt too wide) in paragraph at lines 17--18
\OT1/cmr/m/it/10 der-
 []


Overfull \hbox (10.98883pt too wide) in paragraph at lines 17--18
\OT1/cmr/m/it/10 ful
 []


Overfull \hbox (12.7777pt too wide) in paragraph at lines 17--18
\OT1/cmr/m/it/10 job
 []


Overfull \hbox (8.17773pt too wide) in paragraph at lines 17--18
\OT1/cmr/m/it/10 of
 []


Overfull \hbox (9.45549pt too wide) in paragraph at lines 17--18
\OT1/cmr/m/it/10 it. 
 []


! LaTeX Error: \begin{document} ended by \end{quote}.

See the LaTeX manual or LaTeX Companion for explanation.
Type  H <return>  for immediate help.
 ...                                              
                                                  
l.20 	\end{quote}
                 
Your command was ignored.
Type  I <command> <return>  to replace it with another command,
or  <return>  to continue without it.


! LaTeX Error: Missing \begin{document}.

See the LaTeX manual or LaTeX Companion for explanation.
Type  H <return>  for immediate help.
 ...                                              
                                                  
l.22 	\hfill
            {} \textbf{With my deepest appreciation,}
You're in trouble here.  Try typing  <return>  to proceed.
If that doesn't work, type  X <return>  to quit.


Overfull \hbox (20.0pt too wide) in paragraph at lines 22--23
[]
 []


Overfull \hbox (25.9443pt too wide) in paragraph at lines 22--23
\OT1/cmr/bx/n/10 With
 []


Overfull \hbox (15.33325pt too wide) in paragraph at lines 22--23
\OT1/cmr/bx/n/10 my
 []


Overfull \hbox (27.15265pt too wide) in paragraph at lines 22--23
\OT1/cmr/bx/n/10 deep-
 []


Overfull \hbox (14.27908pt too wide) in paragraph at lines 22--23
\OT1/cmr/bx/n/10 est
 []


Overfull \hbox (15.8124pt too wide) in paragraph at lines 22--23
\OT1/cmr/bx/n/10 ap-
 []


Overfull \hbox (20.22908pt too wide) in paragraph at lines 22--23
\OT1/cmr/bx/n/10 pre-
 []


Overfull \hbox (12.13882pt too wide) in paragraph at lines 22--23
\OT1/cmr/bx/n/10 ci-
 []


Overfull \hbox (9.42354pt too wide) in paragraph at lines 22--23
\OT1/cmr/bx/n/10 a-
 []


Overfull \hbox (22.99988pt too wide) in paragraph at lines 22--23
\OT1/cmr/bx/n/10 tion, 
 []


! LaTeX Error: Missing \begin{document}.

See the LaTeX manual or LaTeX Companion for explanation.
Type  H <return>  for immediate help.
 ...                                              
                                                  
l.24 	\hfill
            {} \textbf{Yared Efrem Afework}
You're in trouble here.  Try typing  <return>  to proceed.
If that doesn't work, type  X <return>  to quit.


Overfull \hbox (20.0pt too wide) in paragraph at lines 24--25
[]
 []


Overfull \hbox (29.72206pt too wide) in paragraph at lines 24--25
\OT1/cmr/bx/n/10 Yared
 []


Overfull \hbox (30.65958pt too wide) in paragraph at lines 24--25
\OT1/cmr/bx/n/10 Efrem
 []


Overfull \hbox (21.3124pt too wide) in paragraph at lines 24--25
\OT1/cmr/bx/n/10 Afe-
 []


Overfull \hbox (24.54155pt too wide) in paragraph at lines 24--25
\OT1/cmr/bx/n/10 work 
 []


! LaTeX Error: Missing \begin{document}.

See the LaTeX manual or LaTeX Companion for explanation.
Type  H <return>  for immediate help.
 ...                                              
                                                  
l.26 	\hfill
            {} \textbf{Stockholm, Sweden, June 2019}
You're in trouble here.  Try typing  <return>  to proceed.
If that doesn't work, type  X <return>  to quit.


Overfull \hbox (20.0pt too wide) in paragraph at lines 26--27
[]
 []


Overfull \hbox (31.62483pt too wide) in paragraph at lines 26--27
\OT1/cmr/bx/n/10 Stock-
 []


Overfull \hbox (28.11096pt too wide) in paragraph at lines 26--27
\OT1/cmr/bx/n/10 holm,
 []


Overfull \hbox (23.47905pt too wide) in paragraph at lines 26--27
\OT1/cmr/bx/n/10 Swe-
 []


Overfull \hbox (21.24295pt too wide) in paragraph at lines 26--27
\OT1/cmr/bx/n/10 den,
 []


Overfull \hbox (23.99294pt too wide) in paragraph at lines 26--27
\OT1/cmr/bx/n/10 June
 []


Overfull \hbox (22.99988pt too wide) in paragraph at lines 26--27
\OT1/cmr/bx/n/10 2019 
 []

)
! Undefined control sequence.
l.19 \tableofcontents
                     
The control sequence at the end of the top line
of your error message was never \def'ed. If you have
misspelled it (e.g., `\hobx'), type `I' and the correct
spelling (e.g., `I\hbox'). Otherwise just continue,
and I'll forget about whatever was undefined.

! Undefined control sequence.
l.20 \listoffigures
                   
The control sequence at the end of the top line
of your error message was never \def'ed. If you have
misspelled it (e.g., `\hobx'), type `I' and the correct
spelling (e.g., `I\hbox'). Otherwise just continue,
and I'll forget about whatever was undefined.

! Undefined control sequence.
l.21 \listoftables
                  
The control sequence at the end of the top line
of your error message was never \def'ed. If you have
misspelled it (e.g., `\hobx'), type `I' and the correct
spelling (e.g., `I\hbox'). Otherwise just continue,
and I'll forget about whatever was undefined.

! Undefined control sequence.
l.27 \printnoidxglossary
                        [sort=word,type=main]
The control sequence at the end of the top line
of your error message was never \def'ed. If you have
misspelled it (e.g., `\hobx'), type `I' and the correct
spelling (e.g., `I\hbox'). Otherwise just continue,
and I'll forget about whatever was undefined.


! LaTeX Error: Missing \begin{document}.

See the LaTeX manual or LaTeX Companion for explanation.
Type  H <return>  for immediate help.
 ...                                              
                                                  
l.27 \printnoidxglossary[
                         sort=word,type=main]
You're in trouble here.  Try typing  <return>  to proceed.
If that doesn't work, type  X <return>  to quit.

Missing character: There is no [ in font nullfont!
Missing character: There is no s in font nullfont!
Missing character: There is no o in font nullfont!
Missing character: There is no r in font nullfont!
Missing character: There is no t in font nullfont!
Missing character: There is no = in font nullfont!
Missing character: There is no w in font nullfont!
Missing character: There is no o in font nullfont!
Missing character: There is no r in font nullfont!
Missing character: There is no d in font nullfont!
Missing character: There is no , in font nullfont!
Missing character: There is no t in font nullfont!
Missing character: There is no y in font nullfont!
Missing character: There is no p in font nullfont!
Missing character: There is no e in font nullfont!
Missing character: There is no = in font nullfont!
Missing character: There is no m in font nullfont!
Missing character: There is no a in font nullfont!
Missing character: There is no i in font nullfont!
Missing character: There is no n in font nullfont!
Missing character: There is no ] in font nullfont!
! Undefined control sequence.
l.29 \printnoidxglossary
                        [sort=word,type=acronym]
The control sequence at the end of the top line
of your error message was never \def'ed. If you have
misspelled it (e.g., `\hobx'), type `I' and the correct
spelling (e.g., `I\hbox'). Otherwise just continue,
and I'll forget about whatever was undefined.

Missing character: There is no [ in font nullfont!
Missing character: There is no s in font nullfont!
Missing character: There is no o in font nullfont!
Missing character: There is no r in font nullfont!
Missing character: There is no t in font nullfont!
Missing character: There is no = in font nullfont!
Missing character: There is no w in font nullfont!
Missing character: There is no o in font nullfont!
Missing character: There is no r in font nullfont!
Missing character: There is no d in font nullfont!
Missing character: There is no , in font nullfont!
Missing character: There is no t in font nullfont!
Missing character: There is no y in font nullfont!
Missing character: There is no p in font nullfont!
Missing character: There is no e in font nullfont!
Missing character: There is no = in font nullfont!
Missing character: There is no a in font nullfont!
Missing character: There is no c in font nullfont!
Missing character: There is no r in font nullfont!
Missing character: There is no o in font nullfont!
Missing character: There is no n in font nullfont!
Missing character: There is no y in font nullfont!
Missing character: There is no m in font nullfont!
Missing character: There is no ] in font nullfont!

! LaTeX Error: File `preamble/nomenclature.tex' not found.

Type X to quit or <RETURN> to proceed,
or enter new name. (Default extension: tex)

Enter file name: 
! Emergency stop.
<read *> 
         
l.31 \input{preamble/nomenclature}
                                  ^^M
*** (cannot \read from terminal in nonstop modes)

 
Here is how much of TeX's memory you used:
 21 strings out of 492616
 339 string characters out of 6132769
 60139 words of memory out of 5000000
 4021 multiletter control sequences out of 15000+600000
 4294 words of font info for 16 fonts, out of 8000000 for 9000
 1141 hyphenation exceptions out of 8191
 20i,4n,14p,292b,147s stack positions out of 5000i,500n,10000p,200000b,80000s
!  ==> Fatal error occurred, no output PDF file produced!
